2024-07-19 14:48:28,772:WARNING:
'cuml' is a soft dependency and not included in the pycaret installation. Please run: `pip install cuml` to install.
2024-07-19 14:48:28,772:WARNING:
'cuml' is a soft dependency and not included in the pycaret installation. Please run: `pip install cuml` to install.
2024-07-19 14:48:28,772:WARNING:
'cuml' is a soft dependency and not included in the pycaret installation. Please run: `pip install cuml` to install.
2024-07-19 14:48:28,772:WARNING:
'cuml' is a soft dependency and not included in the pycaret installation. Please run: `pip install cuml` to install.
2024-07-19 14:55:47,948:INFO:PyCaret ClassificationExperiment
2024-07-19 14:55:47,948:INFO:Logging name: clf-default-name
2024-07-19 14:55:47,948:INFO:ML Usecase: MLUsecase.CLASSIFICATION
2024-07-19 14:55:47,948:INFO:version 3.3.2
2024-07-19 14:55:47,948:INFO:Initializing setup()
2024-07-19 14:55:47,948:INFO:self.USI: fd40
2024-07-19 14:55:47,948:INFO:self._variable_keys: {'pipeline', 'seed', 'gpu_param', 'logging_param', 'gpu_n_jobs_param', 'is_multiclass', 'exp_id', 'y', 'fold_groups_param', 'fold_shuffle_param', 'USI', '_ml_usecase', 'y_train', 'exp_name_log', 'memory', '_available_plots', 'n_jobs_param', 'idx', 'html_param', 'X_train', 'X_test', 'log_plots_param', 'target_param', 'fold_generator', 'X', 'y_test', 'fix_imbalance', 'data'}
2024-07-19 14:55:47,948:INFO:Checking environment
2024-07-19 14:55:47,948:INFO:python_version: 3.11.5
2024-07-19 14:55:47,948:INFO:python_build: ('main', 'Sep 11 2023 13:26:23')
2024-07-19 14:55:47,948:INFO:machine: AMD64
2024-07-19 14:55:47,948:INFO:platform: Windows-10-10.0.22631-SP0
2024-07-19 14:55:47,954:INFO:Memory: svmem(total=16856203264, available=4508913664, percent=73.3, used=12347289600, free=4508913664)
2024-07-19 14:55:47,954:INFO:Physical Core: 4
2024-07-19 14:55:47,954:INFO:Logical Core: 8
2024-07-19 14:55:47,954:INFO:Checking libraries
2024-07-19 14:55:47,954:INFO:System:
2024-07-19 14:55:47,955:INFO:    python: 3.11.5 | packaged by Anaconda, Inc. | (main, Sep 11 2023, 13:26:23) [MSC v.1916 64 bit (AMD64)]
2024-07-19 14:55:47,955:INFO:executable: c:\Users\user\OneDrive\Desktop\Task3_Mohammad-Al-Quraan\.venv\Scripts\python.exe
2024-07-19 14:55:47,955:INFO:   machine: Windows-10-10.0.22631-SP0
2024-07-19 14:55:47,955:INFO:PyCaret required dependencies:
2024-07-19 14:55:48,022:INFO:                 pip: 24.1.2
2024-07-19 14:55:48,022:INFO:          setuptools: 65.5.0
2024-07-19 14:55:48,022:INFO:             pycaret: 3.3.2
2024-07-19 14:55:48,022:INFO:             IPython: 8.26.0
2024-07-19 14:55:48,022:INFO:          ipywidgets: 8.1.3
2024-07-19 14:55:48,022:INFO:                tqdm: 4.66.4
2024-07-19 14:55:48,022:INFO:               numpy: 1.26.4
2024-07-19 14:55:48,022:INFO:              pandas: 2.1.4
2024-07-19 14:55:48,022:INFO:              jinja2: 3.1.4
2024-07-19 14:55:48,022:INFO:               scipy: 1.11.4
2024-07-19 14:55:48,022:INFO:              joblib: 1.3.2
2024-07-19 14:55:48,022:INFO:             sklearn: 1.4.2
2024-07-19 14:55:48,022:INFO:                pyod: 2.0.1
2024-07-19 14:55:48,022:INFO:            imblearn: 0.12.3
2024-07-19 14:55:48,022:INFO:   category_encoders: 2.6.3
2024-07-19 14:55:48,022:INFO:            lightgbm: 4.4.0
2024-07-19 14:55:48,022:INFO:               numba: 0.60.0
2024-07-19 14:55:48,022:INFO:            requests: 2.32.3
2024-07-19 14:55:48,022:INFO:          matplotlib: 3.7.5
2024-07-19 14:55:48,022:INFO:          scikitplot: 0.3.7
2024-07-19 14:55:48,022:INFO:         yellowbrick: 1.5
2024-07-19 14:55:48,022:INFO:              plotly: 5.22.0
2024-07-19 14:55:48,022:INFO:    plotly-resampler: Not installed
2024-07-19 14:55:48,022:INFO:             kaleido: 0.2.1
2024-07-19 14:55:48,022:INFO:           schemdraw: 0.15
2024-07-19 14:55:48,022:INFO:         statsmodels: 0.14.2
2024-07-19 14:55:48,022:INFO:              sktime: 0.26.0
2024-07-19 14:55:48,022:INFO:               tbats: 1.1.3
2024-07-19 14:55:48,022:INFO:            pmdarima: 2.0.4
2024-07-19 14:55:48,022:INFO:              psutil: 6.0.0
2024-07-19 14:55:48,024:INFO:          markupsafe: 2.1.5
2024-07-19 14:55:48,024:INFO:             pickle5: Not installed
2024-07-19 14:55:48,024:INFO:         cloudpickle: 3.0.0
2024-07-19 14:55:48,024:INFO:         deprecation: 2.1.0
2024-07-19 14:55:48,024:INFO:              xxhash: 3.4.1
2024-07-19 14:55:48,024:INFO:           wurlitzer: Not installed
2024-07-19 14:55:48,024:INFO:PyCaret optional dependencies:
2024-07-19 14:55:48,034:INFO:                shap: 0.46.0
2024-07-19 14:55:48,034:INFO:           interpret: Not installed
2024-07-19 14:55:48,034:INFO:                umap: Not installed
2024-07-19 14:55:48,034:INFO:     ydata_profiling: Not installed
2024-07-19 14:55:48,034:INFO:  explainerdashboard: Not installed
2024-07-19 14:55:48,034:INFO:             autoviz: Not installed
2024-07-19 14:55:48,034:INFO:           fairlearn: Not installed
2024-07-19 14:55:48,035:INFO:          deepchecks: Not installed
2024-07-19 14:55:48,035:INFO:             xgboost: Not installed
2024-07-19 14:55:48,035:INFO:            catboost: Not installed
2024-07-19 14:55:48,035:INFO:              kmodes: Not installed
2024-07-19 14:55:48,035:INFO:             mlxtend: Not installed
2024-07-19 14:55:48,035:INFO:       statsforecast: Not installed
2024-07-19 14:55:48,035:INFO:        tune_sklearn: Not installed
2024-07-19 14:55:48,035:INFO:                 ray: Not installed
2024-07-19 14:55:48,035:INFO:            hyperopt: Not installed
2024-07-19 14:55:48,035:INFO:              optuna: Not installed
2024-07-19 14:55:48,035:INFO:               skopt: Not installed
2024-07-19 14:55:48,035:INFO:              mlflow: Not installed
2024-07-19 14:55:48,035:INFO:              gradio: Not installed
2024-07-19 14:55:48,035:INFO:             fastapi: Not installed
2024-07-19 14:55:48,035:INFO:             uvicorn: Not installed
2024-07-19 14:55:48,035:INFO:              m2cgen: Not installed
2024-07-19 14:55:48,035:INFO:           evidently: Not installed
2024-07-19 14:55:48,035:INFO:               fugue: Not installed
2024-07-19 14:55:48,035:INFO:           streamlit: Not installed
2024-07-19 14:55:48,035:INFO:             prophet: Not installed
2024-07-19 14:55:48,035:INFO:None
2024-07-19 14:55:48,035:INFO:Set up data.
2024-07-19 14:55:48,045:INFO:Set up folding strategy.
2024-07-19 14:55:48,045:INFO:Set up train/test split.
2024-07-19 14:55:48,057:INFO:Set up index.
2024-07-19 14:55:48,057:INFO:Assigning column types.
2024-07-19 14:56:30,783:INFO:PyCaret ClassificationExperiment
2024-07-19 14:56:30,783:INFO:Logging name: clf-default-name
2024-07-19 14:56:30,783:INFO:ML Usecase: MLUsecase.CLASSIFICATION
2024-07-19 14:56:30,783:INFO:version 3.3.2
2024-07-19 14:56:30,783:INFO:Initializing setup()
2024-07-19 14:56:30,783:INFO:self.USI: 924e
2024-07-19 14:56:30,783:INFO:self._variable_keys: {'pipeline', 'seed', 'gpu_param', 'logging_param', 'gpu_n_jobs_param', 'is_multiclass', 'exp_id', 'y', 'fold_groups_param', 'fold_shuffle_param', 'USI', '_ml_usecase', 'y_train', 'exp_name_log', 'memory', '_available_plots', 'n_jobs_param', 'idx', 'html_param', 'X_train', 'X_test', 'log_plots_param', 'target_param', 'fold_generator', 'X', 'y_test', 'fix_imbalance', 'data'}
2024-07-19 14:56:30,783:INFO:Checking environment
2024-07-19 14:56:30,783:INFO:python_version: 3.11.5
2024-07-19 14:56:30,783:INFO:python_build: ('main', 'Sep 11 2023 13:26:23')
2024-07-19 14:56:30,784:INFO:machine: AMD64
2024-07-19 14:56:30,784:INFO:platform: Windows-10-10.0.22631-SP0
2024-07-19 14:56:30,787:INFO:Memory: svmem(total=16856203264, available=4637892608, percent=72.5, used=12218310656, free=4637892608)
2024-07-19 14:56:30,787:INFO:Physical Core: 4
2024-07-19 14:56:30,787:INFO:Logical Core: 8
2024-07-19 14:56:30,787:INFO:Checking libraries
2024-07-19 14:56:30,787:INFO:System:
2024-07-19 14:56:30,787:INFO:    python: 3.11.5 | packaged by Anaconda, Inc. | (main, Sep 11 2023, 13:26:23) [MSC v.1916 64 bit (AMD64)]
2024-07-19 14:56:30,787:INFO:executable: c:\Users\user\OneDrive\Desktop\Task3_Mohammad-Al-Quraan\.venv\Scripts\python.exe
2024-07-19 14:56:30,787:INFO:   machine: Windows-10-10.0.22631-SP0
2024-07-19 14:56:30,787:INFO:PyCaret required dependencies:
2024-07-19 14:56:30,787:INFO:                 pip: 24.1.2
2024-07-19 14:56:30,787:INFO:          setuptools: 65.5.0
2024-07-19 14:56:30,787:INFO:             pycaret: 3.3.2
2024-07-19 14:56:30,787:INFO:             IPython: 8.26.0
2024-07-19 14:56:30,787:INFO:          ipywidgets: 8.1.3
2024-07-19 14:56:30,788:INFO:                tqdm: 4.66.4
2024-07-19 14:56:30,788:INFO:               numpy: 1.26.4
2024-07-19 14:56:30,788:INFO:              pandas: 2.1.4
2024-07-19 14:56:30,788:INFO:              jinja2: 3.1.4
2024-07-19 14:56:30,788:INFO:               scipy: 1.11.4
2024-07-19 14:56:30,788:INFO:              joblib: 1.3.2
2024-07-19 14:56:30,788:INFO:             sklearn: 1.4.2
2024-07-19 14:56:30,788:INFO:                pyod: 2.0.1
2024-07-19 14:56:30,788:INFO:            imblearn: 0.12.3
2024-07-19 14:56:30,788:INFO:   category_encoders: 2.6.3
2024-07-19 14:56:30,788:INFO:            lightgbm: 4.4.0
2024-07-19 14:56:30,788:INFO:               numba: 0.60.0
2024-07-19 14:56:30,788:INFO:            requests: 2.32.3
2024-07-19 14:56:30,788:INFO:          matplotlib: 3.7.5
2024-07-19 14:56:30,788:INFO:          scikitplot: 0.3.7
2024-07-19 14:56:30,788:INFO:         yellowbrick: 1.5
2024-07-19 14:56:30,788:INFO:              plotly: 5.22.0
2024-07-19 14:56:30,788:INFO:    plotly-resampler: Not installed
2024-07-19 14:56:30,788:INFO:             kaleido: 0.2.1
2024-07-19 14:56:30,788:INFO:           schemdraw: 0.15
2024-07-19 14:56:30,788:INFO:         statsmodels: 0.14.2
2024-07-19 14:56:30,788:INFO:              sktime: 0.26.0
2024-07-19 14:56:30,788:INFO:               tbats: 1.1.3
2024-07-19 14:56:30,788:INFO:            pmdarima: 2.0.4
2024-07-19 14:56:30,788:INFO:              psutil: 6.0.0
2024-07-19 14:56:30,788:INFO:          markupsafe: 2.1.5
2024-07-19 14:56:30,788:INFO:             pickle5: Not installed
2024-07-19 14:56:30,788:INFO:         cloudpickle: 3.0.0
2024-07-19 14:56:30,788:INFO:         deprecation: 2.1.0
2024-07-19 14:56:30,788:INFO:              xxhash: 3.4.1
2024-07-19 14:56:30,788:INFO:           wurlitzer: Not installed
2024-07-19 14:56:30,788:INFO:PyCaret optional dependencies:
2024-07-19 14:56:30,789:INFO:                shap: 0.46.0
2024-07-19 14:56:30,789:INFO:           interpret: Not installed
2024-07-19 14:56:30,789:INFO:                umap: Not installed
2024-07-19 14:56:30,789:INFO:     ydata_profiling: Not installed
2024-07-19 14:56:30,789:INFO:  explainerdashboard: Not installed
2024-07-19 14:56:30,789:INFO:             autoviz: Not installed
2024-07-19 14:56:30,789:INFO:           fairlearn: Not installed
2024-07-19 14:56:30,789:INFO:          deepchecks: Not installed
2024-07-19 14:56:30,789:INFO:             xgboost: Not installed
2024-07-19 14:56:30,789:INFO:            catboost: Not installed
2024-07-19 14:56:30,789:INFO:              kmodes: Not installed
2024-07-19 14:56:30,789:INFO:             mlxtend: Not installed
2024-07-19 14:56:30,789:INFO:       statsforecast: Not installed
2024-07-19 14:56:30,789:INFO:        tune_sklearn: Not installed
2024-07-19 14:56:30,789:INFO:                 ray: Not installed
2024-07-19 14:56:30,789:INFO:            hyperopt: Not installed
2024-07-19 14:56:30,789:INFO:              optuna: Not installed
2024-07-19 14:56:30,789:INFO:               skopt: Not installed
2024-07-19 14:56:30,789:INFO:              mlflow: Not installed
2024-07-19 14:56:30,789:INFO:              gradio: Not installed
2024-07-19 14:56:30,789:INFO:             fastapi: Not installed
2024-07-19 14:56:30,789:INFO:             uvicorn: Not installed
2024-07-19 14:56:30,789:INFO:              m2cgen: Not installed
2024-07-19 14:56:30,789:INFO:           evidently: Not installed
2024-07-19 14:56:30,789:INFO:               fugue: Not installed
2024-07-19 14:56:30,789:INFO:           streamlit: Not installed
2024-07-19 14:56:30,789:INFO:             prophet: Not installed
2024-07-19 14:56:30,789:INFO:None
2024-07-19 14:56:30,789:INFO:Set up data.
2024-07-19 14:56:30,797:INFO:Set up folding strategy.
2024-07-19 14:56:30,797:INFO:Set up train/test split.
2024-07-19 14:56:30,805:INFO:Set up index.
2024-07-19 14:56:30,805:INFO:Assigning column types.
2024-07-19 14:56:30,811:INFO:Engine successfully changes for model 'lr' to 'sklearn'.
2024-07-19 14:56:30,879:INFO:Engine for model 'knn' has not been set explicitly, hence returning None.
2024-07-19 14:56:30,893:INFO:Engine for model 'rbfsvm' has not been set explicitly, hence returning None.
2024-07-19 14:56:30,938:WARNING:
'xgboost' is a soft dependency and not included in the pycaret installation. Please run: `pip install xgboost` to install.
Alternately, you can install this by running `pip install pycaret[models]`
2024-07-19 14:56:30,938:WARNING:
'catboost' is a soft dependency and not included in the pycaret installation. Please run: `pip install catboost` to install.
Alternately, you can install this by running `pip install pycaret[models]`
2024-07-19 14:56:30,978:INFO:Engine for model 'knn' has not been set explicitly, hence returning None.
2024-07-19 14:56:30,980:INFO:Engine for model 'rbfsvm' has not been set explicitly, hence returning None.
2024-07-19 14:56:31,001:WARNING:
'xgboost' is a soft dependency and not included in the pycaret installation. Please run: `pip install xgboost` to install.
Alternately, you can install this by running `pip install pycaret[models]`
2024-07-19 14:56:31,001:WARNING:
'catboost' is a soft dependency and not included in the pycaret installation. Please run: `pip install catboost` to install.
Alternately, you can install this by running `pip install pycaret[models]`
2024-07-19 14:56:31,002:INFO:Engine successfully changes for model 'knn' to 'sklearn'.
2024-07-19 14:56:31,039:INFO:Engine for model 'rbfsvm' has not been set explicitly, hence returning None.
2024-07-19 14:56:31,064:WARNING:
'xgboost' is a soft dependency and not included in the pycaret installation. Please run: `pip install xgboost` to install.
Alternately, you can install this by running `pip install pycaret[models]`
2024-07-19 14:56:31,064:WARNING:
'catboost' is a soft dependency and not included in the pycaret installation. Please run: `pip install catboost` to install.
Alternately, you can install this by running `pip install pycaret[models]`
2024-07-19 14:56:31,103:INFO:Engine for model 'rbfsvm' has not been set explicitly, hence returning None.
2024-07-19 14:56:31,126:WARNING:
'xgboost' is a soft dependency and not included in the pycaret installation. Please run: `pip install xgboost` to install.
Alternately, you can install this by running `pip install pycaret[models]`
2024-07-19 14:56:31,127:WARNING:
'catboost' is a soft dependency and not included in the pycaret installation. Please run: `pip install catboost` to install.
Alternately, you can install this by running `pip install pycaret[models]`
2024-07-19 14:56:31,127:INFO:Engine successfully changes for model 'rbfsvm' to 'sklearn'.
2024-07-19 14:56:31,184:WARNING:
'xgboost' is a soft dependency and not included in the pycaret installation. Please run: `pip install xgboost` to install.
Alternately, you can install this by running `pip install pycaret[models]`
2024-07-19 14:56:31,185:WARNING:
'catboost' is a soft dependency and not included in the pycaret installation. Please run: `pip install catboost` to install.
Alternately, you can install this by running `pip install pycaret[models]`
2024-07-19 14:56:31,241:WARNING:
'xgboost' is a soft dependency and not included in the pycaret installation. Please run: `pip install xgboost` to install.
Alternately, you can install this by running `pip install pycaret[models]`
2024-07-19 14:56:31,242:WARNING:
'catboost' is a soft dependency and not included in the pycaret installation. Please run: `pip install catboost` to install.
Alternately, you can install this by running `pip install pycaret[models]`
2024-07-19 14:56:31,244:INFO:Preparing preprocessing pipeline...
2024-07-19 14:56:31,246:INFO:Set up simple imputation.
2024-07-19 14:56:31,246:INFO:Set up feature normalization.
2024-07-19 14:56:31,248:INFO:Set up column name cleaning.
2024-07-19 14:56:31,285:INFO:Finished creating preprocessing pipeline.
2024-07-19 14:56:31,291:INFO:Pipeline: Pipeline(memory=FastMemory(location=C:\Users\user\AppData\Local\Temp\joblib),
         steps=[('numerical_imputer',
                 TransformerWrapper(exclude=None,
                                    include=['number of adults',
                                             'number of children',
                                             'number of weekend nights',
                                             'number of week nights',
                                             'type of meal',
                                             'car parking space', 'room type',
                                             'lead time', 'market segment type',
                                             'repeated', 'P-C', 'P-not-C',
                                             'average price ',
                                             'special...
                                                              fill_value=None,
                                                              keep_empty_features=False,
                                                              missing_values=nan,
                                                              strategy='most_frequent'))),
                ('normalize',
                 TransformerWrapper(exclude=None, include=None,
                                    transformer=StandardScaler(copy=True,
                                                               with_mean=True,
                                                               with_std=True))),
                ('clean_column_names',
                 TransformerWrapper(exclude=None, include=None,
                                    transformer=CleanColumnNames(match='[\\]\\[\\,\\{\\}\\"\\:]+')))],
         verbose=False)
2024-07-19 14:56:31,292:INFO:Creating final display dataframe.
2024-07-19 14:56:31,406:INFO:Setup _display_container:                     Description             Value
0                    Session id               123
1                        Target    booking status
2                   Target type            Binary
3           Original data shape        (8433, 18)
4        Transformed data shape        (8433, 18)
5   Transformed train set shape        (6746, 18)
6    Transformed test set shape        (1687, 18)
7              Numeric features                17
8                    Preprocess              True
9               Imputation type            simple
10           Numeric imputation              mean
11       Categorical imputation              mode
12                    Normalize              True
13             Normalize method            zscore
14               Fold Generator   StratifiedKFold
15                  Fold Number                10
16                     CPU Jobs                -1
17                      Use GPU             False
18               Log Experiment             False
19              Experiment Name  clf-default-name
20                          USI              924e
2024-07-19 14:56:31,482:WARNING:
'xgboost' is a soft dependency and not included in the pycaret installation. Please run: `pip install xgboost` to install.
Alternately, you can install this by running `pip install pycaret[models]`
2024-07-19 14:56:31,482:WARNING:
'catboost' is a soft dependency and not included in the pycaret installation. Please run: `pip install catboost` to install.
Alternately, you can install this by running `pip install pycaret[models]`
2024-07-19 14:56:31,562:WARNING:
'xgboost' is a soft dependency and not included in the pycaret installation. Please run: `pip install xgboost` to install.
Alternately, you can install this by running `pip install pycaret[models]`
2024-07-19 14:56:31,563:WARNING:
'catboost' is a soft dependency and not included in the pycaret installation. Please run: `pip install catboost` to install.
Alternately, you can install this by running `pip install pycaret[models]`
2024-07-19 14:56:31,564:INFO:setup() successfully completed in 0.78s...............
2024-07-19 14:56:53,490:INFO:PyCaret ClassificationExperiment
2024-07-19 14:56:53,490:INFO:Logging name: clf-default-name
2024-07-19 14:56:53,490:INFO:ML Usecase: MLUsecase.CLASSIFICATION
2024-07-19 14:56:53,490:INFO:version 3.3.2
2024-07-19 14:56:53,490:INFO:Initializing setup()
2024-07-19 14:56:53,490:INFO:self.USI: 9088
2024-07-19 14:56:53,490:INFO:self._variable_keys: {'pipeline', 'seed', 'gpu_param', 'logging_param', 'gpu_n_jobs_param', 'is_multiclass', 'exp_id', 'y', 'fold_groups_param', 'fold_shuffle_param', 'USI', '_ml_usecase', 'y_train', 'exp_name_log', 'memory', '_available_plots', 'n_jobs_param', 'idx', 'html_param', 'X_train', 'X_test', 'log_plots_param', 'target_param', 'fold_generator', 'X', 'y_test', 'fix_imbalance', 'data'}
2024-07-19 14:56:53,490:INFO:Checking environment
2024-07-19 14:56:53,490:INFO:python_version: 3.11.5
2024-07-19 14:56:53,491:INFO:python_build: ('main', 'Sep 11 2023 13:26:23')
2024-07-19 14:56:53,491:INFO:machine: AMD64
2024-07-19 14:56:53,491:INFO:platform: Windows-10-10.0.22631-SP0
2024-07-19 14:56:53,495:INFO:Memory: svmem(total=16856203264, available=4537827328, percent=73.1, used=12318375936, free=4537827328)
2024-07-19 14:56:53,495:INFO:Physical Core: 4
2024-07-19 14:56:53,495:INFO:Logical Core: 8
2024-07-19 14:56:53,495:INFO:Checking libraries
2024-07-19 14:56:53,496:INFO:System:
2024-07-19 14:56:53,496:INFO:    python: 3.11.5 | packaged by Anaconda, Inc. | (main, Sep 11 2023, 13:26:23) [MSC v.1916 64 bit (AMD64)]
2024-07-19 14:56:53,496:INFO:executable: c:\Users\user\OneDrive\Desktop\Task3_Mohammad-Al-Quraan\.venv\Scripts\python.exe
2024-07-19 14:56:53,496:INFO:   machine: Windows-10-10.0.22631-SP0
2024-07-19 14:56:53,496:INFO:PyCaret required dependencies:
2024-07-19 14:56:53,496:INFO:                 pip: 24.1.2
2024-07-19 14:56:53,496:INFO:          setuptools: 65.5.0
2024-07-19 14:56:53,496:INFO:             pycaret: 3.3.2
2024-07-19 14:56:53,496:INFO:             IPython: 8.26.0
2024-07-19 14:56:53,496:INFO:          ipywidgets: 8.1.3
2024-07-19 14:56:53,496:INFO:                tqdm: 4.66.4
2024-07-19 14:56:53,496:INFO:               numpy: 1.26.4
2024-07-19 14:56:53,496:INFO:              pandas: 2.1.4
2024-07-19 14:56:53,496:INFO:              jinja2: 3.1.4
2024-07-19 14:56:53,496:INFO:               scipy: 1.11.4
2024-07-19 14:56:53,496:INFO:              joblib: 1.3.2
2024-07-19 14:56:53,496:INFO:             sklearn: 1.4.2
2024-07-19 14:56:53,497:INFO:                pyod: 2.0.1
2024-07-19 14:56:53,497:INFO:            imblearn: 0.12.3
2024-07-19 14:56:53,497:INFO:   category_encoders: 2.6.3
2024-07-19 14:56:53,497:INFO:            lightgbm: 4.4.0
2024-07-19 14:56:53,497:INFO:               numba: 0.60.0
2024-07-19 14:56:53,497:INFO:            requests: 2.32.3
2024-07-19 14:56:53,497:INFO:          matplotlib: 3.7.5
2024-07-19 14:56:53,497:INFO:          scikitplot: 0.3.7
2024-07-19 14:56:53,497:INFO:         yellowbrick: 1.5
2024-07-19 14:56:53,497:INFO:              plotly: 5.22.0
2024-07-19 14:56:53,497:INFO:    plotly-resampler: Not installed
2024-07-19 14:56:53,497:INFO:             kaleido: 0.2.1
2024-07-19 14:56:53,497:INFO:           schemdraw: 0.15
2024-07-19 14:56:53,497:INFO:         statsmodels: 0.14.2
2024-07-19 14:56:53,497:INFO:              sktime: 0.26.0
2024-07-19 14:56:53,497:INFO:               tbats: 1.1.3
2024-07-19 14:56:53,497:INFO:            pmdarima: 2.0.4
2024-07-19 14:56:53,497:INFO:              psutil: 6.0.0
2024-07-19 14:56:53,497:INFO:          markupsafe: 2.1.5
2024-07-19 14:56:53,497:INFO:             pickle5: Not installed
2024-07-19 14:56:53,498:INFO:         cloudpickle: 3.0.0
2024-07-19 14:56:53,498:INFO:         deprecation: 2.1.0
2024-07-19 14:56:53,498:INFO:              xxhash: 3.4.1
2024-07-19 14:56:53,498:INFO:           wurlitzer: Not installed
2024-07-19 14:56:53,498:INFO:PyCaret optional dependencies:
2024-07-19 14:56:53,498:INFO:                shap: 0.46.0
2024-07-19 14:56:53,498:INFO:           interpret: Not installed
2024-07-19 14:56:53,498:INFO:                umap: Not installed
2024-07-19 14:56:53,498:INFO:     ydata_profiling: Not installed
2024-07-19 14:56:53,498:INFO:  explainerdashboard: Not installed
2024-07-19 14:56:53,498:INFO:             autoviz: Not installed
2024-07-19 14:56:53,498:INFO:           fairlearn: Not installed
2024-07-19 14:56:53,498:INFO:          deepchecks: Not installed
2024-07-19 14:56:53,498:INFO:             xgboost: Not installed
2024-07-19 14:56:53,498:INFO:            catboost: Not installed
2024-07-19 14:56:53,499:INFO:              kmodes: Not installed
2024-07-19 14:56:53,499:INFO:             mlxtend: Not installed
2024-07-19 14:56:53,499:INFO:       statsforecast: Not installed
2024-07-19 14:56:53,499:INFO:        tune_sklearn: Not installed
2024-07-19 14:56:53,499:INFO:                 ray: Not installed
2024-07-19 14:56:53,499:INFO:            hyperopt: Not installed
2024-07-19 14:56:53,499:INFO:              optuna: Not installed
2024-07-19 14:56:53,499:INFO:               skopt: Not installed
2024-07-19 14:56:53,499:INFO:              mlflow: Not installed
2024-07-19 14:56:53,499:INFO:              gradio: Not installed
2024-07-19 14:56:53,499:INFO:             fastapi: Not installed
2024-07-19 14:56:53,499:INFO:             uvicorn: Not installed
2024-07-19 14:56:53,499:INFO:              m2cgen: Not installed
2024-07-19 14:56:53,499:INFO:           evidently: Not installed
2024-07-19 14:56:53,499:INFO:               fugue: Not installed
2024-07-19 14:56:53,499:INFO:           streamlit: Not installed
2024-07-19 14:56:53,499:INFO:             prophet: Not installed
2024-07-19 14:56:53,500:INFO:None
2024-07-19 14:56:53,500:INFO:Set up data.
2024-07-19 14:56:53,671:INFO:Set up folding strategy.
2024-07-19 14:56:53,671:INFO:Set up train/test split.
2024-07-19 14:56:53,681:INFO:Set up index.
2024-07-19 14:56:53,684:INFO:Assigning column types.
2024-07-19 14:56:53,692:INFO:Engine successfully changes for model 'lr' to 'sklearn'.
2024-07-19 14:56:53,751:INFO:Engine for model 'knn' has not been set explicitly, hence returning None.
2024-07-19 14:56:53,755:INFO:Engine for model 'rbfsvm' has not been set explicitly, hence returning None.
2024-07-19 14:56:53,782:WARNING:
'xgboost' is a soft dependency and not included in the pycaret installation. Please run: `pip install xgboost` to install.
Alternately, you can install this by running `pip install pycaret[models]`
2024-07-19 14:56:53,782:WARNING:
'catboost' is a soft dependency and not included in the pycaret installation. Please run: `pip install catboost` to install.
Alternately, you can install this by running `pip install pycaret[models]`
2024-07-19 14:56:53,824:INFO:Engine for model 'knn' has not been set explicitly, hence returning None.
2024-07-19 14:56:53,824:INFO:Engine for model 'rbfsvm' has not been set explicitly, hence returning None.
2024-07-19 14:56:53,854:WARNING:
'xgboost' is a soft dependency and not included in the pycaret installation. Please run: `pip install xgboost` to install.
Alternately, you can install this by running `pip install pycaret[models]`
2024-07-19 14:56:53,854:WARNING:
'catboost' is a soft dependency and not included in the pycaret installation. Please run: `pip install catboost` to install.
Alternately, you can install this by running `pip install pycaret[models]`
2024-07-19 14:56:53,854:INFO:Engine successfully changes for model 'knn' to 'sklearn'.
2024-07-19 14:56:53,893:INFO:Engine for model 'rbfsvm' has not been set explicitly, hence returning None.
2024-07-19 14:56:53,928:WARNING:
'xgboost' is a soft dependency and not included in the pycaret installation. Please run: `pip install xgboost` to install.
Alternately, you can install this by running `pip install pycaret[models]`
2024-07-19 14:56:53,928:WARNING:
'catboost' is a soft dependency and not included in the pycaret installation. Please run: `pip install catboost` to install.
Alternately, you can install this by running `pip install pycaret[models]`
2024-07-19 14:56:53,971:INFO:Engine for model 'rbfsvm' has not been set explicitly, hence returning None.
2024-07-19 14:56:53,997:WARNING:
'xgboost' is a soft dependency and not included in the pycaret installation. Please run: `pip install xgboost` to install.
Alternately, you can install this by running `pip install pycaret[models]`
2024-07-19 14:56:53,997:WARNING:
'catboost' is a soft dependency and not included in the pycaret installation. Please run: `pip install catboost` to install.
Alternately, you can install this by running `pip install pycaret[models]`
2024-07-19 14:56:53,997:INFO:Engine successfully changes for model 'rbfsvm' to 'sklearn'.
2024-07-19 14:56:54,070:WARNING:
'xgboost' is a soft dependency and not included in the pycaret installation. Please run: `pip install xgboost` to install.
Alternately, you can install this by running `pip install pycaret[models]`
2024-07-19 14:56:54,070:WARNING:
'catboost' is a soft dependency and not included in the pycaret installation. Please run: `pip install catboost` to install.
Alternately, you can install this by running `pip install pycaret[models]`
2024-07-19 14:56:54,159:WARNING:
'xgboost' is a soft dependency and not included in the pycaret installation. Please run: `pip install xgboost` to install.
Alternately, you can install this by running `pip install pycaret[models]`
2024-07-19 14:56:54,159:WARNING:
'catboost' is a soft dependency and not included in the pycaret installation. Please run: `pip install catboost` to install.
Alternately, you can install this by running `pip install pycaret[models]`
2024-07-19 14:56:54,160:INFO:Preparing preprocessing pipeline...
2024-07-19 14:56:54,160:INFO:Set up simple imputation.
2024-07-19 14:56:54,160:INFO:Set up column name cleaning.
2024-07-19 14:56:54,194:INFO:Finished creating preprocessing pipeline.
2024-07-19 14:56:54,200:INFO:Pipeline: Pipeline(memory=FastMemory(location=C:\Users\user\AppData\Local\Temp\joblib),
         steps=[('numerical_imputer',
                 TransformerWrapper(exclude=None,
                                    include=['number of adults',
                                             'number of children',
                                             'number of weekend nights',
                                             'number of week nights',
                                             'type of meal',
                                             'car parking space', 'room type',
                                             'lead time', 'market segment type',
                                             'repeated', 'P-C', 'P-not-C',
                                             'average price ',
                                             'special...
                ('categorical_imputer',
                 TransformerWrapper(exclude=None, include=[],
                                    transformer=SimpleImputer(add_indicator=False,
                                                              copy=True,
                                                              fill_value=None,
                                                              keep_empty_features=False,
                                                              missing_values=nan,
                                                              strategy='most_frequent'))),
                ('clean_column_names',
                 TransformerWrapper(exclude=None, include=None,
                                    transformer=CleanColumnNames(match='[\\]\\[\\,\\{\\}\\"\\:]+')))],
         verbose=False)
2024-07-19 14:56:54,201:INFO:Creating final display dataframe.
2024-07-19 14:56:54,305:INFO:Setup _display_container:                     Description             Value
0                    Session id              2082
1                        Target    booking status
2                   Target type            Binary
3           Original data shape        (8433, 18)
4        Transformed data shape        (8433, 18)
5   Transformed train set shape        (5903, 18)
6    Transformed test set shape        (2530, 18)
7              Numeric features                17
8                    Preprocess              True
9               Imputation type            simple
10           Numeric imputation              mean
11       Categorical imputation              mode
12               Fold Generator   StratifiedKFold
13                  Fold Number                10
14                     CPU Jobs                -1
15                      Use GPU             False
16               Log Experiment             False
17              Experiment Name  clf-default-name
18                          USI              9088
2024-07-19 14:56:54,421:WARNING:
'xgboost' is a soft dependency and not included in the pycaret installation. Please run: `pip install xgboost` to install.
Alternately, you can install this by running `pip install pycaret[models]`
2024-07-19 14:56:54,421:WARNING:
'catboost' is a soft dependency and not included in the pycaret installation. Please run: `pip install catboost` to install.
Alternately, you can install this by running `pip install pycaret[models]`
2024-07-19 14:56:54,483:WARNING:
'xgboost' is a soft dependency and not included in the pycaret installation. Please run: `pip install xgboost` to install.
Alternately, you can install this by running `pip install pycaret[models]`
2024-07-19 14:56:54,483:WARNING:
'catboost' is a soft dependency and not included in the pycaret installation. Please run: `pip install catboost` to install.
Alternately, you can install this by running `pip install pycaret[models]`
2024-07-19 14:56:54,491:INFO:setup() successfully completed in 1.0s...............
2024-07-19 14:57:02,705:INFO:Initializing compare_models()
2024-07-19 14:57:02,706:INFO:compare_models(self=<pycaret.classification.oop.ClassificationExperiment object at 0x00000191426651D0>, include=None, exclude=None, fold=None, round=4, cross_validation=True, sort=Accuracy, n_select=1, budget_time=None, turbo=True, errors=ignore, fit_kwargs=None, groups=None, experiment_custom_tags=None, probability_threshold=None, verbose=True, parallel=None, caller_params={'self': <pycaret.classification.oop.ClassificationExperiment object at 0x00000191426651D0>, 'include': None, 'exclude': None, 'fold': None, 'round': 4, 'cross_validation': True, 'sort': 'Accuracy', 'n_select': 1, 'budget_time': None, 'turbo': True, 'errors': 'ignore', 'fit_kwargs': None, 'groups': None, 'experiment_custom_tags': None, 'probability_threshold': None, 'engine': None, 'verbose': True, 'parallel': None, '__class__': <class 'pycaret.classification.oop.ClassificationExperiment'>})
2024-07-19 14:57:02,706:INFO:Checking exceptions
2024-07-19 14:57:02,710:INFO:Preparing display monitor
2024-07-19 14:57:02,752:INFO:Initializing Logistic Regression
2024-07-19 14:57:02,752:INFO:Total runtime is 0.0 minutes
2024-07-19 14:57:02,758:INFO:SubProcess create_model() called ==================================
2024-07-19 14:57:02,758:INFO:Initializing create_model()
2024-07-19 14:57:02,759:INFO:create_model(self=<pycaret.classification.oop.ClassificationExperiment object at 0x00000191426651D0>, estimator=lr, fold=StratifiedKFold(n_splits=10, random_state=None, shuffle=False), round=4, cross_validation=True, predict=True, fit_kwargs={}, groups=None, refit=False, probability_threshold=None, experiment_custom_tags=None, verbose=False, system=False, add_to_model_list=True, metrics=None, display=<pycaret.internal.display.display.CommonDisplay object at 0x000001913A777E10>, model_only=True, return_train_score=False, error_score=0.0, kwargs={})
2024-07-19 14:57:02,759:INFO:Checking exceptions
2024-07-19 14:57:02,759:INFO:Importing libraries
2024-07-19 14:57:02,759:INFO:Copying training dataset
2024-07-19 14:57:02,768:INFO:Defining folds
2024-07-19 14:57:02,768:INFO:Declaring metric variables
2024-07-19 14:57:02,774:INFO:Importing untrained model
2024-07-19 14:57:02,779:INFO:Logistic Regression Imported successfully
2024-07-19 14:57:02,789:INFO:Starting cross validation
2024-07-19 14:57:02,791:INFO:Cross validating with StratifiedKFold(n_splits=10, random_state=None, shuffle=False), n_jobs=-1
2024-07-19 14:57:08,185:INFO:Calculating mean and std
2024-07-19 14:57:08,185:INFO:Creating metrics dataframe
2024-07-19 14:57:08,185:INFO:Uploading results into container
2024-07-19 14:57:08,185:INFO:Uploading model into container now
2024-07-19 14:57:08,185:INFO:_master_model_container: 1
2024-07-19 14:57:08,185:INFO:_display_container: 2
2024-07-19 14:57:08,185:INFO:LogisticRegression(C=1.0, class_weight=None, dual=False, fit_intercept=True,
                   intercept_scaling=1, l1_ratio=None, max_iter=1000,
                   multi_class='auto', n_jobs=None, penalty='l2',
                   random_state=2082, solver='lbfgs', tol=0.0001, verbose=0,
                   warm_start=False)
2024-07-19 14:57:08,185:INFO:create_model() successfully completed......................................
2024-07-19 14:57:08,279:INFO:SubProcess create_model() end ==================================
2024-07-19 14:57:08,279:INFO:Creating metrics dataframe
2024-07-19 14:57:08,279:INFO:Initializing K Neighbors Classifier
2024-07-19 14:57:08,279:INFO:Total runtime is 0.09212830066680908 minutes
2024-07-19 14:57:08,279:INFO:SubProcess create_model() called ==================================
2024-07-19 14:57:08,279:INFO:Initializing create_model()
2024-07-19 14:57:08,279:INFO:create_model(self=<pycaret.classification.oop.ClassificationExperiment object at 0x00000191426651D0>, estimator=knn, fold=StratifiedKFold(n_splits=10, random_state=None, shuffle=False), round=4, cross_validation=True, predict=True, fit_kwargs={}, groups=None, refit=False, probability_threshold=None, experiment_custom_tags=None, verbose=False, system=False, add_to_model_list=True, metrics=None, display=<pycaret.internal.display.display.CommonDisplay object at 0x000001913A777E10>, model_only=True, return_train_score=False, error_score=0.0, kwargs={})
2024-07-19 14:57:08,279:INFO:Checking exceptions
2024-07-19 14:57:08,279:INFO:Importing libraries
2024-07-19 14:57:08,279:INFO:Copying training dataset
2024-07-19 14:57:08,295:INFO:Defining folds
2024-07-19 14:57:08,295:INFO:Declaring metric variables
2024-07-19 14:57:08,305:INFO:Importing untrained model
2024-07-19 14:57:08,307:INFO:K Neighbors Classifier Imported successfully
2024-07-19 14:57:08,315:INFO:Starting cross validation
2024-07-19 14:57:08,315:INFO:Cross validating with StratifiedKFold(n_splits=10, random_state=None, shuffle=False), n_jobs=-1
2024-07-19 14:57:08,628:INFO:Calculating mean and std
2024-07-19 14:57:08,628:INFO:Creating metrics dataframe
2024-07-19 14:57:08,628:INFO:Uploading results into container
2024-07-19 14:57:08,628:INFO:Uploading model into container now
2024-07-19 14:57:08,628:INFO:_master_model_container: 2
2024-07-19 14:57:08,628:INFO:_display_container: 2
2024-07-19 14:57:08,628:INFO:KNeighborsClassifier(algorithm='auto', leaf_size=30, metric='minkowski',
                     metric_params=None, n_jobs=-1, n_neighbors=5, p=2,
                     weights='uniform')
2024-07-19 14:57:08,628:INFO:create_model() successfully completed......................................
2024-07-19 14:57:08,717:INFO:SubProcess create_model() end ==================================
2024-07-19 14:57:08,717:INFO:Creating metrics dataframe
2024-07-19 14:57:08,724:INFO:Initializing Naive Bayes
2024-07-19 14:57:08,724:INFO:Total runtime is 0.09953100681304931 minutes
2024-07-19 14:57:08,724:INFO:SubProcess create_model() called ==================================
2024-07-19 14:57:08,724:INFO:Initializing create_model()
2024-07-19 14:57:08,724:INFO:create_model(self=<pycaret.classification.oop.ClassificationExperiment object at 0x00000191426651D0>, estimator=nb, fold=StratifiedKFold(n_splits=10, random_state=None, shuffle=False), round=4, cross_validation=True, predict=True, fit_kwargs={}, groups=None, refit=False, probability_threshold=None, experiment_custom_tags=None, verbose=False, system=False, add_to_model_list=True, metrics=None, display=<pycaret.internal.display.display.CommonDisplay object at 0x000001913A777E10>, model_only=True, return_train_score=False, error_score=0.0, kwargs={})
2024-07-19 14:57:08,724:INFO:Checking exceptions
2024-07-19 14:57:08,724:INFO:Importing libraries
2024-07-19 14:57:08,724:INFO:Copying training dataset
2024-07-19 14:57:08,739:INFO:Defining folds
2024-07-19 14:57:08,739:INFO:Declaring metric variables
2024-07-19 14:57:08,739:INFO:Importing untrained model
2024-07-19 14:57:08,746:INFO:Naive Bayes Imported successfully
2024-07-19 14:57:08,753:INFO:Starting cross validation
2024-07-19 14:57:08,753:INFO:Cross validating with StratifiedKFold(n_splits=10, random_state=None, shuffle=False), n_jobs=-1
2024-07-19 14:57:08,879:INFO:Calculating mean and std
2024-07-19 14:57:08,879:INFO:Creating metrics dataframe
2024-07-19 14:57:08,879:INFO:Uploading results into container
2024-07-19 14:57:08,879:INFO:Uploading model into container now
2024-07-19 14:57:08,879:INFO:_master_model_container: 3
2024-07-19 14:57:08,879:INFO:_display_container: 2
2024-07-19 14:57:08,879:INFO:GaussianNB(priors=None, var_smoothing=1e-09)
2024-07-19 14:57:08,879:INFO:create_model() successfully completed......................................
2024-07-19 14:57:08,972:INFO:SubProcess create_model() end ==================================
2024-07-19 14:57:08,972:INFO:Creating metrics dataframe
2024-07-19 14:57:08,972:INFO:Initializing Decision Tree Classifier
2024-07-19 14:57:08,972:INFO:Total runtime is 0.10366792678833008 minutes
2024-07-19 14:57:08,972:INFO:SubProcess create_model() called ==================================
2024-07-19 14:57:08,972:INFO:Initializing create_model()
2024-07-19 14:57:08,972:INFO:create_model(self=<pycaret.classification.oop.ClassificationExperiment object at 0x00000191426651D0>, estimator=dt, fold=StratifiedKFold(n_splits=10, random_state=None, shuffle=False), round=4, cross_validation=True, predict=True, fit_kwargs={}, groups=None, refit=False, probability_threshold=None, experiment_custom_tags=None, verbose=False, system=False, add_to_model_list=True, metrics=None, display=<pycaret.internal.display.display.CommonDisplay object at 0x000001913A777E10>, model_only=True, return_train_score=False, error_score=0.0, kwargs={})
2024-07-19 14:57:08,972:INFO:Checking exceptions
2024-07-19 14:57:08,972:INFO:Importing libraries
2024-07-19 14:57:08,972:INFO:Copying training dataset
2024-07-19 14:57:08,988:INFO:Defining folds
2024-07-19 14:57:08,994:INFO:Declaring metric variables
2024-07-19 14:57:08,997:INFO:Importing untrained model
2024-07-19 14:57:09,000:INFO:Decision Tree Classifier Imported successfully
2024-07-19 14:57:09,006:INFO:Starting cross validation
2024-07-19 14:57:09,008:INFO:Cross validating with StratifiedKFold(n_splits=10, random_state=None, shuffle=False), n_jobs=-1
2024-07-19 14:57:09,161:INFO:Calculating mean and std
2024-07-19 14:57:09,161:INFO:Creating metrics dataframe
2024-07-19 14:57:09,161:INFO:Uploading results into container
2024-07-19 14:57:09,161:INFO:Uploading model into container now
2024-07-19 14:57:09,161:INFO:_master_model_container: 4
2024-07-19 14:57:09,161:INFO:_display_container: 2
2024-07-19 14:57:09,165:INFO:DecisionTreeClassifier(ccp_alpha=0.0, class_weight=None, criterion='gini',
                       max_depth=None, max_features=None, max_leaf_nodes=None,
                       min_impurity_decrease=0.0, min_samples_leaf=1,
                       min_samples_split=2, min_weight_fraction_leaf=0.0,
                       monotonic_cst=None, random_state=2082, splitter='best')
2024-07-19 14:57:09,165:INFO:create_model() successfully completed......................................
2024-07-19 14:57:09,246:INFO:SubProcess create_model() end ==================================
2024-07-19 14:57:09,246:INFO:Creating metrics dataframe
2024-07-19 14:57:09,262:INFO:Initializing SVM - Linear Kernel
2024-07-19 14:57:09,262:INFO:Total runtime is 0.10849653482437134 minutes
2024-07-19 14:57:09,262:INFO:SubProcess create_model() called ==================================
2024-07-19 14:57:09,262:INFO:Initializing create_model()
2024-07-19 14:57:09,262:INFO:create_model(self=<pycaret.classification.oop.ClassificationExperiment object at 0x00000191426651D0>, estimator=svm, fold=StratifiedKFold(n_splits=10, random_state=None, shuffle=False), round=4, cross_validation=True, predict=True, fit_kwargs={}, groups=None, refit=False, probability_threshold=None, experiment_custom_tags=None, verbose=False, system=False, add_to_model_list=True, metrics=None, display=<pycaret.internal.display.display.CommonDisplay object at 0x000001913A777E10>, model_only=True, return_train_score=False, error_score=0.0, kwargs={})
2024-07-19 14:57:09,262:INFO:Checking exceptions
2024-07-19 14:57:09,262:INFO:Importing libraries
2024-07-19 14:57:09,262:INFO:Copying training dataset
2024-07-19 14:57:09,262:INFO:Defining folds
2024-07-19 14:57:09,262:INFO:Declaring metric variables
2024-07-19 14:57:09,277:INFO:Importing untrained model
2024-07-19 14:57:09,281:INFO:SVM - Linear Kernel Imported successfully
2024-07-19 14:57:09,288:INFO:Starting cross validation
2024-07-19 14:57:09,288:INFO:Cross validating with StratifiedKFold(n_splits=10, random_state=None, shuffle=False), n_jobs=-1
2024-07-19 14:57:09,519:INFO:Calculating mean and std
2024-07-19 14:57:09,519:INFO:Creating metrics dataframe
2024-07-19 14:57:09,523:INFO:Uploading results into container
2024-07-19 14:57:09,523:INFO:Uploading model into container now
2024-07-19 14:57:09,523:INFO:_master_model_container: 5
2024-07-19 14:57:09,523:INFO:_display_container: 2
2024-07-19 14:57:09,523:INFO:SGDClassifier(alpha=0.0001, average=False, class_weight=None,
              early_stopping=False, epsilon=0.1, eta0=0.001, fit_intercept=True,
              l1_ratio=0.15, learning_rate='optimal', loss='hinge',
              max_iter=1000, n_iter_no_change=5, n_jobs=-1, penalty='l2',
              power_t=0.5, random_state=2082, shuffle=True, tol=0.001,
              validation_fraction=0.1, verbose=0, warm_start=False)
2024-07-19 14:57:09,523:INFO:create_model() successfully completed......................................
2024-07-19 14:57:09,605:INFO:SubProcess create_model() end ==================================
2024-07-19 14:57:09,605:INFO:Creating metrics dataframe
2024-07-19 14:57:09,605:INFO:Initializing Ridge Classifier
2024-07-19 14:57:09,605:INFO:Total runtime is 0.11422315438588461 minutes
2024-07-19 14:57:09,621:INFO:SubProcess create_model() called ==================================
2024-07-19 14:57:09,621:INFO:Initializing create_model()
2024-07-19 14:57:09,621:INFO:create_model(self=<pycaret.classification.oop.ClassificationExperiment object at 0x00000191426651D0>, estimator=ridge, fold=StratifiedKFold(n_splits=10, random_state=None, shuffle=False), round=4, cross_validation=True, predict=True, fit_kwargs={}, groups=None, refit=False, probability_threshold=None, experiment_custom_tags=None, verbose=False, system=False, add_to_model_list=True, metrics=None, display=<pycaret.internal.display.display.CommonDisplay object at 0x000001913A777E10>, model_only=True, return_train_score=False, error_score=0.0, kwargs={})
2024-07-19 14:57:09,621:INFO:Checking exceptions
2024-07-19 14:57:09,621:INFO:Importing libraries
2024-07-19 14:57:09,621:INFO:Copying training dataset
2024-07-19 14:57:09,621:INFO:Defining folds
2024-07-19 14:57:09,621:INFO:Declaring metric variables
2024-07-19 14:57:09,621:INFO:Importing untrained model
2024-07-19 14:57:09,636:INFO:Ridge Classifier Imported successfully
2024-07-19 14:57:09,642:INFO:Starting cross validation
2024-07-19 14:57:09,642:INFO:Cross validating with StratifiedKFold(n_splits=10, random_state=None, shuffle=False), n_jobs=-1
2024-07-19 14:57:09,771:INFO:Calculating mean and std
2024-07-19 14:57:09,771:INFO:Creating metrics dataframe
2024-07-19 14:57:09,771:INFO:Uploading results into container
2024-07-19 14:57:09,775:INFO:Uploading model into container now
2024-07-19 14:57:09,775:INFO:_master_model_container: 6
2024-07-19 14:57:09,775:INFO:_display_container: 2
2024-07-19 14:57:09,775:INFO:RidgeClassifier(alpha=1.0, class_weight=None, copy_X=True, fit_intercept=True,
                max_iter=None, positive=False, random_state=2082, solver='auto',
                tol=0.0001)
2024-07-19 14:57:09,775:INFO:create_model() successfully completed......................................
2024-07-19 14:57:09,850:INFO:SubProcess create_model() end ==================================
2024-07-19 14:57:09,850:INFO:Creating metrics dataframe
2024-07-19 14:57:09,866:INFO:Initializing Random Forest Classifier
2024-07-19 14:57:09,866:INFO:Total runtime is 0.11857294241587321 minutes
2024-07-19 14:57:09,866:INFO:SubProcess create_model() called ==================================
2024-07-19 14:57:09,866:INFO:Initializing create_model()
2024-07-19 14:57:09,866:INFO:create_model(self=<pycaret.classification.oop.ClassificationExperiment object at 0x00000191426651D0>, estimator=rf, fold=StratifiedKFold(n_splits=10, random_state=None, shuffle=False), round=4, cross_validation=True, predict=True, fit_kwargs={}, groups=None, refit=False, probability_threshold=None, experiment_custom_tags=None, verbose=False, system=False, add_to_model_list=True, metrics=None, display=<pycaret.internal.display.display.CommonDisplay object at 0x000001913A777E10>, model_only=True, return_train_score=False, error_score=0.0, kwargs={})
2024-07-19 14:57:09,866:INFO:Checking exceptions
2024-07-19 14:57:09,866:INFO:Importing libraries
2024-07-19 14:57:09,866:INFO:Copying training dataset
2024-07-19 14:57:09,882:INFO:Defining folds
2024-07-19 14:57:09,882:INFO:Declaring metric variables
2024-07-19 14:57:09,882:INFO:Importing untrained model
2024-07-19 14:57:09,891:INFO:Random Forest Classifier Imported successfully
2024-07-19 14:57:09,897:INFO:Starting cross validation
2024-07-19 14:57:09,897:INFO:Cross validating with StratifiedKFold(n_splits=10, random_state=None, shuffle=False), n_jobs=-1
2024-07-19 14:57:11,263:INFO:Calculating mean and std
2024-07-19 14:57:11,263:INFO:Creating metrics dataframe
2024-07-19 14:57:11,263:INFO:Uploading results into container
2024-07-19 14:57:11,263:INFO:Uploading model into container now
2024-07-19 14:57:11,263:INFO:_master_model_container: 7
2024-07-19 14:57:11,263:INFO:_display_container: 2
2024-07-19 14:57:11,263:INFO:RandomForestClassifier(bootstrap=True, ccp_alpha=0.0, class_weight=None,
                       criterion='gini', max_depth=None, max_features='sqrt',
                       max_leaf_nodes=None, max_samples=None,
                       min_impurity_decrease=0.0, min_samples_leaf=1,
                       min_samples_split=2, min_weight_fraction_leaf=0.0,
                       monotonic_cst=None, n_estimators=100, n_jobs=-1,
                       oob_score=False, random_state=2082, verbose=0,
                       warm_start=False)
2024-07-19 14:57:11,263:INFO:create_model() successfully completed......................................
2024-07-19 14:57:11,339:INFO:SubProcess create_model() end ==================================
2024-07-19 14:57:11,339:INFO:Creating metrics dataframe
2024-07-19 14:57:11,355:INFO:Initializing Quadratic Discriminant Analysis
2024-07-19 14:57:11,355:INFO:Total runtime is 0.14337987502415975 minutes
2024-07-19 14:57:11,355:INFO:SubProcess create_model() called ==================================
2024-07-19 14:57:11,355:INFO:Initializing create_model()
2024-07-19 14:57:11,355:INFO:create_model(self=<pycaret.classification.oop.ClassificationExperiment object at 0x00000191426651D0>, estimator=qda, fold=StratifiedKFold(n_splits=10, random_state=None, shuffle=False), round=4, cross_validation=True, predict=True, fit_kwargs={}, groups=None, refit=False, probability_threshold=None, experiment_custom_tags=None, verbose=False, system=False, add_to_model_list=True, metrics=None, display=<pycaret.internal.display.display.CommonDisplay object at 0x000001913A777E10>, model_only=True, return_train_score=False, error_score=0.0, kwargs={})
2024-07-19 14:57:11,355:INFO:Checking exceptions
2024-07-19 14:57:11,355:INFO:Importing libraries
2024-07-19 14:57:11,355:INFO:Copying training dataset
2024-07-19 14:57:11,370:INFO:Defining folds
2024-07-19 14:57:11,370:INFO:Declaring metric variables
2024-07-19 14:57:11,370:INFO:Importing untrained model
2024-07-19 14:57:11,379:INFO:Quadratic Discriminant Analysis Imported successfully
2024-07-19 14:57:11,387:INFO:Starting cross validation
2024-07-19 14:57:11,387:INFO:Cross validating with StratifiedKFold(n_splits=10, random_state=None, shuffle=False), n_jobs=-1
2024-07-19 14:57:11,437:WARNING:c:\Users\user\OneDrive\Desktop\Task3_Mohammad-Al-Quraan\.venv\Lib\site-packages\sklearn\discriminant_analysis.py:935: UserWarning: Variables are collinear
  warnings.warn("Variables are collinear")

2024-07-19 14:57:11,437:WARNING:c:\Users\user\OneDrive\Desktop\Task3_Mohammad-Al-Quraan\.venv\Lib\site-packages\sklearn\discriminant_analysis.py:935: UserWarning: Variables are collinear
  warnings.warn("Variables are collinear")

2024-07-19 14:57:11,437:WARNING:c:\Users\user\OneDrive\Desktop\Task3_Mohammad-Al-Quraan\.venv\Lib\site-packages\sklearn\discriminant_analysis.py:935: UserWarning: Variables are collinear
  warnings.warn("Variables are collinear")

2024-07-19 14:57:11,442:WARNING:c:\Users\user\OneDrive\Desktop\Task3_Mohammad-Al-Quraan\.venv\Lib\site-packages\sklearn\discriminant_analysis.py:935: UserWarning: Variables are collinear
  warnings.warn("Variables are collinear")

2024-07-19 14:57:11,442:WARNING:c:\Users\user\OneDrive\Desktop\Task3_Mohammad-Al-Quraan\.venv\Lib\site-packages\sklearn\discriminant_analysis.py:935: UserWarning: Variables are collinear
  warnings.warn("Variables are collinear")

2024-07-19 14:57:11,449:WARNING:c:\Users\user\OneDrive\Desktop\Task3_Mohammad-Al-Quraan\.venv\Lib\site-packages\sklearn\discriminant_analysis.py:960: RuntimeWarning: divide by zero encountered in power
  X2 = np.dot(Xm, R * (S ** (-0.5)))

2024-07-19 14:57:11,449:WARNING:c:\Users\user\OneDrive\Desktop\Task3_Mohammad-Al-Quraan\.venv\Lib\site-packages\sklearn\discriminant_analysis.py:960: RuntimeWarning: invalid value encountered in multiply
  X2 = np.dot(Xm, R * (S ** (-0.5)))

2024-07-19 14:57:11,449:WARNING:c:\Users\user\OneDrive\Desktop\Task3_Mohammad-Al-Quraan\.venv\Lib\site-packages\sklearn\discriminant_analysis.py:963: RuntimeWarning: divide by zero encountered in log
  u = np.asarray([np.sum(np.log(s)) for s in self.scalings_])

2024-07-19 14:57:11,449:WARNING:c:\Users\user\OneDrive\Desktop\Task3_Mohammad-Al-Quraan\.venv\Lib\site-packages\sklearn\discriminant_analysis.py:960: RuntimeWarning: divide by zero encountered in power
  X2 = np.dot(Xm, R * (S ** (-0.5)))

2024-07-19 14:57:11,449:WARNING:c:\Users\user\OneDrive\Desktop\Task3_Mohammad-Al-Quraan\.venv\Lib\site-packages\sklearn\discriminant_analysis.py:960: RuntimeWarning: divide by zero encountered in power
  X2 = np.dot(Xm, R * (S ** (-0.5)))

2024-07-19 14:57:11,449:WARNING:c:\Users\user\OneDrive\Desktop\Task3_Mohammad-Al-Quraan\.venv\Lib\site-packages\sklearn\discriminant_analysis.py:960: RuntimeWarning: invalid value encountered in multiply
  X2 = np.dot(Xm, R * (S ** (-0.5)))

2024-07-19 14:57:11,449:WARNING:c:\Users\user\OneDrive\Desktop\Task3_Mohammad-Al-Quraan\.venv\Lib\site-packages\sklearn\discriminant_analysis.py:960: RuntimeWarning: invalid value encountered in multiply
  X2 = np.dot(Xm, R * (S ** (-0.5)))

2024-07-19 14:57:11,449:WARNING:c:\Users\user\OneDrive\Desktop\Task3_Mohammad-Al-Quraan\.venv\Lib\site-packages\sklearn\discriminant_analysis.py:963: RuntimeWarning: divide by zero encountered in log
  u = np.asarray([np.sum(np.log(s)) for s in self.scalings_])

2024-07-19 14:57:11,449:WARNING:c:\Users\user\OneDrive\Desktop\Task3_Mohammad-Al-Quraan\.venv\Lib\site-packages\sklearn\discriminant_analysis.py:963: RuntimeWarning: divide by zero encountered in log
  u = np.asarray([np.sum(np.log(s)) for s in self.scalings_])

2024-07-19 14:57:11,449:WARNING:c:\Users\user\OneDrive\Desktop\Task3_Mohammad-Al-Quraan\.venv\Lib\site-packages\sklearn\discriminant_analysis.py:960: RuntimeWarning: divide by zero encountered in power
  X2 = np.dot(Xm, R * (S ** (-0.5)))

2024-07-19 14:57:11,449:WARNING:c:\Users\user\OneDrive\Desktop\Task3_Mohammad-Al-Quraan\.venv\Lib\site-packages\sklearn\discriminant_analysis.py:960: RuntimeWarning: invalid value encountered in multiply
  X2 = np.dot(Xm, R * (S ** (-0.5)))

2024-07-19 14:57:11,449:WARNING:c:\Users\user\OneDrive\Desktop\Task3_Mohammad-Al-Quraan\.venv\Lib\site-packages\sklearn\discriminant_analysis.py:963: RuntimeWarning: divide by zero encountered in log
  u = np.asarray([np.sum(np.log(s)) for s in self.scalings_])

2024-07-19 14:57:11,449:WARNING:c:\Users\user\OneDrive\Desktop\Task3_Mohammad-Al-Quraan\.venv\Lib\site-packages\sklearn\discriminant_analysis.py:960: RuntimeWarning: divide by zero encountered in power
  X2 = np.dot(Xm, R * (S ** (-0.5)))

2024-07-19 14:57:11,449:WARNING:c:\Users\user\OneDrive\Desktop\Task3_Mohammad-Al-Quraan\.venv\Lib\site-packages\sklearn\discriminant_analysis.py:935: UserWarning: Variables are collinear
  warnings.warn("Variables are collinear")

.5)))


2024-07-19 14:57:11,449:WARNING:c:\Users\user\OneDrive\Desktop\Task3_Mohammad-Al-Quraan\.venv\Lib\site-packages\sklearn\discriminant_analysis.py:960: RuntimeWarning: invalid value encountered in multiply
  X2 = np.dot(Xm, R * (S ** (-0.5)))

2024-07-19 14:57:11,449:WARNING:c:\Users\user\OneDrive\Desktop\Task3_Mohammad-Al-Quraan\.venv\Lib\site-packages\sklearn\discriminant_analysis.py:963: RuntimeWarning: divide by zero encountered in log
  u = np.asarray([np.sum(np.log(s)) for s in self.scalings_])

2024-07-19 14:57:11,449:WARNING:c:\Users\user\OneDrive\Desktop\Task3_Mohammad-Al-Quraan\.venv\Lib\site-packages\sklearn\discriminant_analysis.py:963: RuntimeWarning: divide by zero encountered in log
  u = np.asarray([np.sum(np.log(s)) for s in self.scalings_])

2024-07-19 14:57:11,449:WARNING:c:\Users\user\OneDrive\Desktop\Task3_Mohammad-Al-Quraan\.venv\Lib\site-packages\sklearn\discriminant_analysis.py:960: RuntimeWarning: divide by zero encountered in power
  X2 = np.dot(Xm, R * (S ** (-0.5)))

2024-07-19 14:57:11,449:WARNING:c:\Users\user\OneDrive\Desktop\Task3_Mohammad-Al-Quraan\.venv\Lib\site-packages\sklearn\discriminant_analysis.py:960: RuntimeWarning: divide by zero encountered in power
  X2 = np.dot(Xm, R * (S ** (-0.5)))

2024-07-19 14:57:11,449:WARNING:c:\Users\user\OneDrive\Desktop\Task3_Mohammad-Al-Quraan\.venv\Lib\site-packages\sklearn\discriminant_analysis.py:960: RuntimeWarning: invalid value encountered in multiply
  X2 = np.dot(Xm, R * (S ** (-0.5)))

2024-07-19 14:57:11,449:WARNING:c:\Users\user\OneDrive\Desktop\Task3_Mohammad-Al-Quraan\.venv\Lib\site-packages\sklearn\discriminant_analysis.py:960: RuntimeWarning: invalid value encountered in multiply
  X2 = np.dot(Xm, R * (S ** (-0.5)))

2024-07-19 14:57:11,449:WARNING:c:\Users\user\OneDrive\Desktop\Task3_Mohammad-Al-Quraan\.venv\Lib\site-packages\sklearn\discriminant_analysis.py:963: RuntimeWarning: divide by zero encountered in log
  u = np.asarray([np.sum(np.log(s)) for s in self.scalings_])

2024-07-19 14:57:11,449:WARNING:c:\Users\user\OneDrive\Desktop\Task3_Mohammad-Al-Quraan\.venv\Lib\site-packages\sklearn\discriminant_analysis.py:963: RuntimeWarning: divide by zero encountered in log
  u = np.asarray([np.sum(np.log(s)) for s in self.scalings_])

2024-07-19 14:57:11,449:WARNING:c:\Users\user\OneDrive\Desktop\Task3_Mohammad-Al-Quraan\.venv\Lib\site-packages\sklearn\discriminant_analysis.py:960: RuntimeWarning: divide by zero encountered in power
  X2 = np.dot(Xm, R * (S ** (-0.5)))

2024-07-19 14:57:11,449:WARNING:c:\Users\user\OneDrive\Desktop\Task3_Mohammad-Al-Quraan\.venv\Lib\site-packages\sklearn\discriminant_analysis.py:960: RuntimeWarning: invalid value encountered in multiply
  X2 = np.dot(Xm, R * (S ** (-0.5)))

2024-07-19 14:57:11,458:WARNING:c:\Users\user\OneDrive\Desktop\Task3_Mohammad-Al-Quraan\.venv\Lib\site-packages\sklearn\discriminant_analysis.py:963: RuntimeWarning: divide by zero encountered in log
  u = np.asarray([np.sum(np.log(s)) for s in self.scalings_])

2024-07-19 14:57:11,460:WARNING:c:\Users\user\OneDrive\Desktop\Task3_Mohammad-Al-Quraan\.venv\Lib\site-packages\sklearn\discriminant_analysis.py:960: RuntimeWarning: divide by zero encountered in power
  X2 = np.dot(Xm, R * (S ** (-0.5)))

2024-07-19 14:57:11,460:WARNING:c:\Users\user\OneDrive\Desktop\Task3_Mohammad-Al-Quraan\.venv\Lib\site-packages\sklearn\discriminant_analysis.py:960: RuntimeWarning: invalid value encountered in multiply
  X2 = np.dot(Xm, R * (S ** (-0.5)))

2024-07-19 14:57:11,460:WARNING:c:\Users\user\OneDrive\Desktop\Task3_Mohammad-Al-Quraan\.venv\Lib\site-packages\sklearn\discriminant_analysis.py:960: RuntimeWarning: divide by zero encountered in power
  X2 = np.dot(Xm, R * (S ** (-0.5)))

2024-07-19 14:57:11,460:WARNING:c:\Users\user\OneDrive\Desktop\Task3_Mohammad-Al-Quraan\.venv\Lib\site-packages\sklearn\discriminant_analysis.py:960: RuntimeWarning: invalid value encountered in multiply
  X2 = np.dot(Xm, R * (S ** (-0.5)))

2024-07-19 14:57:11,460:WARNING:c:\Users\user\OneDrive\Desktop\Task3_Mohammad-Al-Quraan\.venv\Lib\site-packages\sklearn\discriminant_analysis.py:963: RuntimeWarning: divide by zero encountered in log
  u = np.asarray([np.sum(np.log(s)) for s in self.scalings_])

2024-07-19 14:57:11,460:WARNING:c:\Users\user\OneDrive\Desktop\Task3_Mohammad-Al-Quraan\.venv\Lib\site-packages\sklearn\discriminant_analysis.py:963: RuntimeWarning: divide by zero encountered in log
  u = np.asarray([np.sum(np.log(s)) for s in self.scalings_])

2024-07-19 14:57:11,460:WARNING:c:\Users\user\OneDrive\Desktop\Task3_Mohammad-Al-Quraan\.venv\Lib\site-packages\pycaret\internal\metrics.py:204: FitFailedWarning: Metric 'make_scorer(roc_auc_score, response_method=('decision_function', 'predict_proba'), average=weighted, multi_class=ovr)' failed and error score 0.0 has been returned instead. If this is a custom metric, this usually means that the error is in the metric code. Full exception below:
Traceback (most recent call last):
  File "c:\Users\user\OneDrive\Desktop\Task3_Mohammad-Al-Quraan\.venv\Lib\site-packages\pycaret\internal\metrics.py", line 196, in _score
    return super()._score(
           ^^^^^^^^^^^^^^^
  File "c:\Users\user\OneDrive\Desktop\Task3_Mohammad-Al-Quraan\.venv\Lib\site-packages\sklearn\metrics\_scorer.py", line 350, in _score
    return self._sign * self._score_func(y_true, y_pred, **scoring_kwargs)
                        ^^^^^^^^^^^^^^^^^^^^^^^^^^^^^^^^^^^^^^^^^^^^^^^^^^
  File "c:\Users\user\OneDrive\Desktop\Task3_Mohammad-Al-Quraan\.venv\Lib\site-packages\pycaret\internal\metrics.py", line 144, in __call__
    return self.score_func(y_true, y_pred, **kwargs)
           ^^^^^^^^^^^^^^^^^^^^^^^^^^^^^^^^^^^^^^^^^
  File "c:\Users\user\OneDrive\Desktop\Task3_Mohammad-Al-Quraan\.venv\Lib\site-packages\sklearn\utils\_param_validation.py", line 213, in wrapper
    return func(*args, **kwargs)
           ^^^^^^^^^^^^^^^^^^^^^
  File "c:\Users\user\OneDrive\Desktop\Task3_Mohammad-Al-Quraan\.venv\Lib\site-packages\sklearn\metrics\_ranking.py", line 619, in roc_auc_score
    y_score = check_array(y_score, ensure_2d=False)
              ^^^^^^^^^^^^^^^^^^^^^^^^^^^^^^^^^^^^^
  File "c:\Users\user\OneDrive\Desktop\Task3_Mohammad-Al-Quraan\.venv\Lib\site-packages\sklearn\utils\validation.py", line 1049, in check_array
    _assert_all_finite(
  File "c:\Users\user\OneDrive\Desktop\Task3_Mohammad-Al-Quraan\.venv\Lib\site-packages\sklearn\utils\validation.py", line 126, in _assert_all_finite
    _assert_all_finite_element_wise(
  File "c:\Users\user\OneDrive\Desktop\Task3_Mohammad-Al-Quraan\.venv\Lib\site-packages\sklearn\utils\validation.py", line 175, in _assert_all_finite_element_wise
    raise ValueError(msg_err)
ValueError: Input contains NaN.

  warnings.warn(

2024-07-19 14:57:11,460:WARNING:c:\Users\user\OneDrive\Desktop\Task3_Mohammad-Al-Quraan\.venv\Lib\site-packages\pycaret\internal\metrics.py:204: FitFailedWarning: Metric 'make_scorer(roc_auc_score, response_method=('decision_function', 'predict_proba'), average=weighted, multi_class=ovr)' failed and error score 0.0 has been returned instead. If this is a custom metric, this usually means that the error is in the metric code. Full exception below:
Traceback (most recent call last):
  File "c:\Users\user\OneDrive\Desktop\Task3_Mohammad-Al-Quraan\.venv\Lib\site-packages\pycaret\internal\metrics.py", line 196, in _score
    return super()._score(
           ^^^^^^^^^^^^^^^
  File "c:\Users\user\OneDrive\Desktop\Task3_Mohammad-Al-Quraan\.venv\Lib\site-packages\sklearn\metrics\_scorer.py", line 350, in _score
    return self._sign * self._score_func(y_true, y_pred, **scoring_kwargs)
                        ^^^^^^^^^^^^^^^^^^^^^^^^^^^^^^^^^^^^^^^^^^^^^^^^^^
  File "c:\Users\user\OneDrive\Desktop\Task3_Mohammad-Al-Quraan\.venv\Lib\site-packages\pycaret\internal\metrics.py", line 144, in __call__
    return self.score_func(y_true, y_pred, **kwargs)
           ^^^^^^^^^^^^^^^^^^^^^^^^^^^^^^^^^^^^^^^^^
  File "c:\Users\user\OneDrive\Desktop\Task3_Mohammad-Al-Quraan\.venv\Lib\site-packages\sklearn\utils\_param_validation.py", line 213, in wrapper
    return func(*args, **kwargs)
           ^^^^^^^^^^^^^^^^^^^^^
  File "c:\Users\user\OneDrive\Desktop\Task3_Mohammad-Al-Quraan\.venv\Lib\site-packages\sklearn\metrics\_ranking.py", line 619, in roc_auc_score
    y_score = check_array(y_score, ensure_2d=False)
              ^^^^^^^^^^^^^^^^^^^^^^^^^^^^^^^^^^^^^
  File "c:\Users\user\OneDrive\Desktop\Task3_Mohammad-Al-Quraan\.venv\Lib\site-packages\sklearn\utils\validation.py", line 1049, in check_array
    _assert_all_finite(
  File "c:\Users\user\OneDrive\Desktop\Task3_Mohammad-Al-Quraan\.venv\Lib\site-packages\sklearn\utils\validation.py", line 126, in _assert_all_finite
    _assert_all_finite_element_wise(
  File "c:\Users\user\OneDrive\Desktop\Task3_Mohammad-Al-Quraan\.venv\Lib\site-packages\sklearn\utils\validation.py", line 175, in _assert_all_finite_element_wise
    raise ValueError(msg_err)
ValueError: Input contains NaN.

  warnings.warn(

2024-07-19 14:57:11,460:WARNING:c:\Users\user\OneDrive\Desktop\Task3_Mohammad-Al-Quraan\.venv\Lib\site-packages\sklearn\discriminant_analysis.py:960: RuntimeWarning: divide by zero encountered in power
  X2 = np.dot(Xm, R * (S ** (-0.5)))

2024-07-19 14:57:11,460:WARNING:c:\Users\user\OneDrive\Desktop\Task3_Mohammad-Al-Quraan\.venv\Lib\site-packages\sklearn\discriminant_analysis.py:960: RuntimeWarning: invalid value encountered in multiply
  X2 = np.dot(Xm, R * (S ** (-0.5)))

2024-07-19 14:57:11,460:WARNING:c:\Users\user\OneDrive\Desktop\Task3_Mohammad-Al-Quraan\.venv\Lib\site-packages\pycaret\internal\metrics.py:204: FitFailedWarning: Metric 'make_scorer(roc_auc_score, response_method=('decision_function', 'predict_proba'), average=weighted, multi_class=ovr)' failed and error score 0.0 has been returned instead. If this is a custom metric, this usually means that the error is in the metric code. Full exception below:
Traceback (most recent call last):
  File "c:\Users\user\OneDrive\Desktop\Task3_Mohammad-Al-Quraan\.venv\Lib\site-packages\pycaret\internal\metrics.py", line 196, in _score
    return super()._score(
           ^^^^^^^^^^^^^^^
  File "c:\Users\user\OneDrive\Desktop\Task3_Mohammad-Al-Quraan\.venv\Lib\site-packages\sklearn\metrics\_scorer.py", line 350, in _score
    return self._sign * self._score_func(y_true, y_pred, **scoring_kwargs)
                        ^^^^^^^^^^^^^^^^^^^^^^^^^^^^^^^^^^^^^^^^^^^^^^^^^^
  File "c:\Users\user\OneDrive\Desktop\Task3_Mohammad-Al-Quraan\.venv\Lib\site-packages\pycaret\internal\metrics.py", line 144, in __call__
    return self.score_func(y_true, y_pred, **kwargs)
           ^^^^^^^^^^^^^^^^^^^^^^^^^^^^^^^^^^^^^^^^^
  File "c:\Users\user\OneDrive\Desktop\Task3_Mohammad-Al-Quraan\.venv\Lib\site-packages\sklearn\utils\_param_validation.py", line 213, in wrapper
    return func(*args, **kwargs)
           ^^^^^^^^^^^^^^^^^^^^^
  File "c:\Users\user\OneDrive\Desktop\Task3_Mohammad-Al-Quraan\.venv\Lib\site-packages\sklearn\metrics\_ranking.py", line 619, in roc_auc_score
    y_score = check_array(y_score, ensure_2d=False)
              ^^^^^^^^^^^^^^^^^^^^^^^^^^^^^^^^^^^^^
  File "c:\Users\user\OneDrive\Desktop\Task3_Mohammad-Al-Quraan\.venv\Lib\site-packages\sklearn\utils\validation.py", line 1049, in check_array
    _assert_all_finite(
  File "c:\Users\user\OneDrive\Desktop\Task3_Mohammad-Al-Quraan\.venv\Lib\site-packages\sklearn\utils\validation.py", line 126, in _assert_all_finite
    _assert_all_finite_element_wise(
  File "c:\Users\user\OneDrive\Desktop\Task3_Mohammad-Al-Quraan\.venv\Lib\site-packages\sklearn\utils\validation.py", line 175, in _assert_all_finite_element_wise
    raise ValueError(msg_err)
ValueError: Input contains NaN.

  warnings.warn(

2024-07-19 14:57:11,460:WARNING:c:\Users\user\OneDrive\Desktop\Task3_Mohammad-Al-Quraan\.venv\Lib\site-packages\sklearn\discriminant_analysis.py:963: RuntimeWarning: divide by zero encountered in log
  u = np.asarray([np.sum(np.log(s)) for s in self.scalings_])

2024-07-19 14:57:11,460:WARNING:c:\Users\user\OneDrive\Desktop\Task3_Mohammad-Al-Quraan\.venv\Lib\site-packages\sklearn\discriminant_analysis.py:960: RuntimeWarning: divide by zero encountered in power
  X2 = np.dot(Xm, R * (S ** (-0.5)))

2024-07-19 14:57:11,460:WARNING:c:\Users\user\OneDrive\Desktop\Task3_Mohammad-Al-Quraan\.venv\Lib\site-packages\sklearn\discriminant_analysis.py:960: RuntimeWarning: invalid value encountered in multiply
  X2 = np.dot(Xm, R * (S ** (-0.5)))

2024-07-19 14:57:11,460:WARNING:c:\Users\user\OneDrive\Desktop\Task3_Mohammad-Al-Quraan\.venv\Lib\site-packages\pycaret\internal\metrics.py:204: FitFailedWarning: Metric 'make_scorer(roc_auc_score, response_method=('decision_function', 'predict_proba'), average=weighted, multi_class=ovr)' failed and error score 0.0 has been returned instead. If this is a custom metric, this usually means that the error is in the metric code. Full exception below:
Traceback (most recent call last):
  File "c:\Users\user\OneDrive\Desktop\Task3_Mohammad-Al-Quraan\.venv\Lib\site-packages\pycaret\internal\metrics.py", line 196, in _score
    return super()._score(
           ^^^^^^^^^^^^^^^
  File "c:\Users\user\OneDrive\Desktop\Task3_Mohammad-Al-Quraan\.venv\Lib\site-packages\sklearn\metrics\_scorer.py", line 350, in _score
    return self._sign * self._score_func(y_true, y_pred, **scoring_kwargs)
                        ^^^^^^^^^^^^^^^^^^^^^^^^^^^^^^^^^^^^^^^^^^^^^^^^^^
  File "c:\Users\user\OneDrive\Desktop\Task3_Mohammad-Al-Quraan\.venv\Lib\site-packages\pycaret\internal\metrics.py", line 144, in __call__
    return self.score_func(y_true, y_pred, **kwargs)
           ^^^^^^^^^^^^^^^^^^^^^^^^^^^^^^^^^^^^^^^^^
  File "c:\Users\user\OneDrive\Desktop\Task3_Mohammad-Al-Quraan\.venv\Lib\site-packages\sklearn\utils\_param_validation.py", line 213, in wrapper
    return func(*args, **kwargs)
           ^^^^^^^^^^^^^^^^^^^^^
  File "c:\Users\user\OneDrive\Desktop\Task3_Mohammad-Al-Quraan\.venv\Lib\site-packages\sklearn\metrics\_ranking.py", line 619, in roc_auc_score
    y_score = check_array(y_score, ensure_2d=False)
              ^^^^^^^^^^^^^^^^^^^^^^^^^^^^^^^^^^^^^
  File "c:\Users\user\OneDrive\Desktop\Task3_Mohammad-Al-Quraan\.venv\Lib\site-packages\sklearn\utils\validation.py", line 1049, in check_array
    _assert_all_finite(
  File "c:\Users\user\OneDrive\Desktop\Task3_Mohammad-Al-Quraan\.venv\Lib\site-packages\sklearn\utils\validation.py", line 126, in _assert_all_finite
    _assert_all_finite_element_wise(
  File "c:\Users\user\OneDrive\Desktop\Task3_Mohammad-Al-Quraan\.venv\Lib\site-packages\sklearn\utils\validation.py", line 175, in _assert_all_finite_element_wise
    raise ValueError(msg_err)
ValueError: Input contains NaN.

  warnings.warn(

2024-07-19 14:57:11,460:WARNING:c:\Users\user\OneDrive\Desktop\Task3_Mohammad-Al-Quraan\.venv\Lib\site-packages\sklearn\discriminant_analysis.py:963: RuntimeWarning: divide by zero encountered in log
  u = np.asarray([np.sum(np.log(s)) for s in self.scalings_])

2024-07-19 14:57:11,460:WARNING:c:\Users\user\OneDrive\Desktop\Task3_Mohammad-Al-Quraan\.venv\Lib\site-packages\sklearn\discriminant_analysis.py:960: RuntimeWarning: divide by zero encountered in power
  X2 = np.dot(Xm, R * (S ** (-0.5)))

2024-07-19 14:57:11,460:WARNING:c:\Users\user\OneDrive\Desktop\Task3_Mohammad-Al-Quraan\.venv\Lib\site-packages\sklearn\discriminant_analysis.py:960: RuntimeWarning: invalid value encountered in multiply
  X2 = np.dot(Xm, R * (S ** (-0.5)))

2024-07-19 14:57:11,460:WARNING:c:\Users\user\OneDrive\Desktop\Task3_Mohammad-Al-Quraan\.venv\Lib\site-packages\sklearn\discriminant_analysis.py:963: RuntimeWarning: divide by zero encountered in log
  u = np.asarray([np.sum(np.log(s)) for s in self.scalings_])

2024-07-19 14:57:11,460:WARNING:c:\Users\user\OneDrive\Desktop\Task3_Mohammad-Al-Quraan\.venv\Lib\site-packages\sklearn\discriminant_analysis.py:960: RuntimeWarning: divide by zero encountered in power
  X2 = np.dot(Xm, R * (S ** (-0.5)))

2024-07-19 14:57:11,460:WARNING:c:\Users\user\OneDrive\Desktop\Task3_Mohammad-Al-Quraan\.venv\Lib\site-packages\sklearn\discriminant_analysis.py:960: RuntimeWarning: invalid value encountered in multiply
  X2 = np.dot(Xm, R * (S ** (-0.5)))

2024-07-19 14:57:11,460:WARNING:c:\Users\user\OneDrive\Desktop\Task3_Mohammad-Al-Quraan\.venv\Lib\site-packages\sklearn\discriminant_analysis.py:963: RuntimeWarning: divide by zero encountered in log
  u = np.asarray([np.sum(np.log(s)) for s in self.scalings_])

2024-07-19 14:57:11,470:WARNING:c:\Users\user\OneDrive\Desktop\Task3_Mohammad-Al-Quraan\.venv\Lib\site-packages\pycaret\internal\metrics.py:204: FitFailedWarning: Metric 'make_scorer(roc_auc_score, response_method=('decision_function', 'predict_proba'), average=weighted, multi_class=ovr)' failed and error score 0.0 has been returned instead. If this is a custom metric, this usually means that the error is in the metric code. Full exception below:
Traceback (most recent call last):
  File "c:\Users\user\OneDrive\Desktop\Task3_Mohammad-Al-Quraan\.venv\Lib\site-packages\pycaret\internal\metrics.py", line 196, in _score
    return super()._score(
           ^^^^^^^^^^^^^^^
  File "c:\Users\user\OneDrive\Desktop\Task3_Mohammad-Al-Quraan\.venv\Lib\site-packages\sklearn\metrics\_scorer.py", line 350, in _score
    return self._sign * self._score_func(y_true, y_pred, **scoring_kwargs)
                        ^^^^^^^^^^^^^^^^^^^^^^^^^^^^^^^^^^^^^^^^^^^^^^^^^^
  File "c:\Users\user\OneDrive\Desktop\Task3_Mohammad-Al-Quraan\.venv\Lib\site-packages\pycaret\internal\metrics.py", line 144, in __call__
    return self.score_func(y_true, y_pred, **kwargs)
           ^^^^^^^^^^^^^^^^^^^^^^^^^^^^^^^^^^^^^^^^^
  File "c:\Users\user\OneDrive\Desktop\Task3_Mohammad-Al-Quraan\.venv\Lib\site-packages\sklearn\utils\_param_validation.py", line 213, in wrapper
    return func(*args, **kwargs)
           ^^^^^^^^^^^^^^^^^^^^^
  File "c:\Users\user\OneDrive\Desktop\Task3_Mohammad-Al-Quraan\.venv\Lib\site-packages\sklearn\metrics\_ranking.py", line 619, in roc_auc_score
    y_score = check_array(y_score, ensure_2d=False)
              ^^^^^^^^^^^^^^^^^^^^^^^^^^^^^^^^^^^^^
  File "c:\Users\user\OneDrive\Desktop\Task3_Mohammad-Al-Quraan\.venv\Lib\site-packages\sklearn\utils\validation.py", line 1049, in check_array
    _assert_all_finite(
  File "c:\Users\user\OneDrive\Desktop\Task3_Mohammad-Al-Quraan\.venv\Lib\site-packages\sklearn\utils\validation.py", line 126, in _assert_all_finite
    _assert_all_finite_element_wise(
  File "c:\Users\user\OneDrive\Desktop\Task3_Mohammad-Al-Quraan\.venv\Lib\site-packages\sklearn\utils\validation.py", line 175, in _assert_all_finite_element_wise
    raise ValueError(msg_err)
ValueError: Input contains NaN.

  warnings.warn(

2024-07-19 14:57:11,470:WARNING:c:\Users\user\OneDrive\Desktop\Task3_Mohammad-Al-Quraan\.venv\Lib\site-packages\sklearn\discriminant_analysis.py:960: RuntimeWarning: divide by zero encountered in power
  X2 = np.dot(Xm, R * (S ** (-0.5)))

2024-07-19 14:57:11,470:WARNING:c:\Users\user\OneDrive\Desktop\Task3_Mohammad-Al-Quraan\.venv\Lib\site-packages\sklearn\discriminant_analysis.py:960: RuntimeWarning: invalid value encountered in multiply
  X2 = np.dot(Xm, R * (S ** (-0.5)))

2024-07-19 14:57:11,470:WARNING:c:\Users\user\OneDrive\Desktop\Task3_Mohammad-Al-Quraan\.venv\Lib\site-packages\sklearn\discriminant_analysis.py:963: RuntimeWarning: divide by zero encountered in log
  u = np.asarray([np.sum(np.log(s)) for s in self.scalings_])

2024-07-19 14:57:11,470:WARNING:c:\Users\user\OneDrive\Desktop\Task3_Mohammad-Al-Quraan\.venv\Lib\site-packages\sklearn\metrics\_classification.py:1509: UndefinedMetricWarning: Precision is ill-defined and being set to 0.0 due to no predicted samples. Use `zero_division` parameter to control this behavior.
  _warn_prf(average, modifier, f"{metric.capitalize()} is", len(result))

2024-07-19 14:57:11,470:WARNING:c:\Users\user\OneDrive\Desktop\Task3_Mohammad-Al-Quraan\.venv\Lib\site-packages\pycaret\internal\metrics.py:204: FitFailedWarning: Metric 'make_scorer(roc_auc_score, response_method=('decision_function', 'predict_proba'), average=weighted, multi_class=ovr)' failed and error score 0.0 has been returned instead. If this is a custom metric, this usually means that the error is in the metric code. Full exception below:
Traceback (most recent call last):
  File "c:\Users\user\OneDrive\Desktop\Task3_Mohammad-Al-Quraan\.venv\Lib\site-packages\pycaret\internal\metrics.py", line 196, in _score
    return super()._score(
           ^^^^^^^^^^^^^^^
  File "c:\Users\user\OneDrive\Desktop\Task3_Mohammad-Al-Quraan\.venv\Lib\site-packages\sklearn\metrics\_scorer.py", line 350, in _score
    return self._sign * self._score_func(y_true, y_pred, **scoring_kwargs)
                        ^^^^^^^^^^^^^^^^^^^^^^^^^^^^^^^^^^^^^^^^^^^^^^^^^^
  File "c:\Users\user\OneDrive\Desktop\Task3_Mohammad-Al-Quraan\.venv\Lib\site-packages\pycaret\internal\metrics.py", line 144, in __call__
    return self.score_func(y_true, y_pred, **kwargs)
           ^^^^^^^^^^^^^^^^^^^^^^^^^^^^^^^^^^^^^^^^^
  File "c:\Users\user\OneDrive\Desktop\Task3_Mohammad-Al-Quraan\.venv\Lib\site-packages\sklearn\utils\_param_validation.py", line 213, in wrapper
    return func(*args, **kwargs)
           ^^^^^^^^^^^^^^^^^^^^^
  File "c:\Users\user\OneDrive\Desktop\Task3_Mohammad-Al-Quraan\.venv\Lib\site-packages\sklearn\metrics\_ranking.py", line 619, in roc_auc_score
    y_score = check_array(y_score, ensure_2d=False)
              ^^^^^^^^^^^^^^^^^^^^^^^^^^^^^^^^^^^^^
  File "c:\Users\user\OneDrive\Desktop\Task3_Mohammad-Al-Quraan\.venv\Lib\site-packages\sklearn\utils\validation.py", line 1049, in check_array
    _assert_all_finite(
  File "c:\Users\user\OneDrive\Desktop\Task3_Mohammad-Al-Quraan\.venv\Lib\site-packages\sklearn\utils\validation.py", line 126, in _assert_all_finite
    _assert_all_finite_element_wise(
  File "c:\Users\user\OneDrive\Desktop\Task3_Mohammad-Al-Quraan\.venv\Lib\site-packages\sklearn\utils\validation.py", line 175, in _assert_all_finite_element_wise
    raise ValueError(msg_err)
ValueError: Input contains NaN.

  warnings.warn(

2024-07-19 14:57:11,470:WARNING:c:\Users\user\OneDrive\Desktop\Task3_Mohammad-Al-Quraan\.venv\Lib\site-packages\sklearn\metrics\_classification.py:1509: UndefinedMetricWarning: Precision is ill-defined and being set to 0.0 due to no predicted samples. Use `zero_division` parameter to control this behavior.
  _warn_prf(average, modifier, f"{metric.capitalize()} is", len(result))

2024-07-19 14:57:11,470:WARNING:c:\Users\user\OneDrive\Desktop\Task3_Mohammad-Al-Quraan\.venv\Lib\site-packages\sklearn\metrics\_classification.py:1509: UndefinedMetricWarning: Precision is ill-defined and being set to 0.0 due to no predicted samples. Use `zero_division` parameter to control this behavior.
  _warn_prf(average, modifier, f"{metric.capitalize()} is", len(result))

2024-07-19 14:57:11,470:WARNING:c:\Users\user\OneDrive\Desktop\Task3_Mohammad-Al-Quraan\.venv\Lib\site-packages\sklearn\metrics\_classification.py:1509: UndefinedMetricWarning: Precision is ill-defined and being set to 0.0 due to no predicted samples. Use `zero_division` parameter to control this behavior.
  _warn_prf(average, modifier, f"{metric.capitalize()} is", len(result))

2024-07-19 14:57:11,474:WARNING:c:\Users\user\OneDrive\Desktop\Task3_Mohammad-Al-Quraan\.venv\Lib\site-packages\pycaret\internal\metrics.py:204: FitFailedWarning: Metric 'make_scorer(roc_auc_score, response_method=('decision_function', 'predict_proba'), average=weighted, multi_class=ovr)' failed and error score 0.0 has been returned instead. If this is a custom metric, this usually means that the error is in the metric code. Full exception below:
Traceback (most recent call last):
  File "c:\Users\user\OneDrive\Desktop\Task3_Mohammad-Al-Quraan\.venv\Lib\site-packages\pycaret\internal\metrics.py", line 196, in _score
    return super()._score(
           ^^^^^^^^^^^^^^^
  File "c:\Users\user\OneDrive\Desktop\Task3_Mohammad-Al-Quraan\.venv\Lib\site-packages\sklearn\metrics\_scorer.py", line 350, in _score
    return self._sign * self._score_func(y_true, y_pred, **scoring_kwargs)
                        ^^^^^^^^^^^^^^^^^^^^^^^^^^^^^^^^^^^^^^^^^^^^^^^^^^
  File "c:\Users\user\OneDrive\Desktop\Task3_Mohammad-Al-Quraan\.venv\Lib\site-packages\pycaret\internal\metrics.py", line 144, in __call__
    return self.score_func(y_true, y_pred, **kwargs)
           ^^^^^^^^^^^^^^^^^^^^^^^^^^^^^^^^^^^^^^^^^
  File "c:\Users\user\OneDrive\Desktop\Task3_Mohammad-Al-Quraan\.venv\Lib\site-packages\sklearn\utils\_param_validation.py", line 213, in wrapper
    return func(*args, **kwargs)
           ^^^^^^^^^^^^^^^^^^^^^
  File "c:\Users\user\OneDrive\Desktop\Task3_Mohammad-Al-Quraan\.venv\Lib\site-packages\sklearn\metrics\_ranking.py", line 619, in roc_auc_score
    y_score = check_array(y_score, ensure_2d=False)
              ^^^^^^^^^^^^^^^^^^^^^^^^^^^^^^^^^^^^^
  File "c:\Users\user\OneDrive\Desktop\Task3_Mohammad-Al-Quraan\.venv\Lib\site-packages\sklearn\utils\validation.py", line 1049, in check_array
    _assert_all_finite(
  File "c:\Users\user\OneDrive\Desktop\Task3_Mohammad-Al-Quraan\.venv\Lib\site-packages\sklearn\utils\validation.py", line 126, in _assert_all_finite
    _assert_all_finite_element_wise(
  File "c:\Users\user\OneDrive\Desktop\Task3_Mohammad-Al-Quraan\.venv\Lib\site-packages\sklearn\utils\validation.py", line 175, in _assert_all_finite_element_wise
    raise ValueError(msg_err)
ValueError: Input contains NaN.

  warnings.warn(

2024-07-19 14:57:11,474:WARNING:c:\Users\user\OneDrive\Desktop\Task3_Mohammad-Al-Quraan\.venv\Lib\site-packages\pycaret\internal\metrics.py:204: FitFailedWarning: Metric 'make_scorer(roc_auc_score, response_method=('decision_function', 'predict_proba'), average=weighted, multi_class=ovr)' failed and error score 0.0 has been returned instead. If this is a custom metric, this usually means that the error is in the metric code. Full exception below:
Traceback (most recent call last):
  File "c:\Users\user\OneDrive\Desktop\Task3_Mohammad-Al-Quraan\.venv\Lib\site-packages\pycaret\internal\metrics.py", line 196, in _score
    return super()._score(
           ^^^^^^^^^^^^^^^
  File "c:\Users\user\OneDrive\Desktop\Task3_Mohammad-Al-Quraan\.venv\Lib\site-packages\sklearn\metrics\_scorer.py", line 350, in _score
    return self._sign * self._score_func(y_true, y_pred, **scoring_kwargs)
                        ^^^^^^^^^^^^^^^^^^^^^^^^^^^^^^^^^^^^^^^^^^^^^^^^^^
  File "c:\Users\user\OneDrive\Desktop\Task3_Mohammad-Al-Quraan\.venv\Lib\site-packages\pycaret\internal\metrics.py", line 144, in __call__
    return self.score_func(y_true, y_pred, **kwargs)
           ^^^^^^^^^^^^^^^^^^^^^^^^^^^^^^^^^^^^^^^^^
  File "c:\Users\user\OneDrive\Desktop\Task3_Mohammad-Al-Quraan\.venv\Lib\site-packages\sklearn\utils\_param_validation.py", line 213, in wrapper
    return func(*args, **kwargs)
           ^^^^^^^^^^^^^^^^^^^^^
  File "c:\Users\user\OneDrive\Desktop\Task3_Mohammad-Al-Quraan\.venv\Lib\site-packages\sklearn\metrics\_ranking.py", line 619, in roc_auc_score
    y_score = check_array(y_score, ensure_2d=False)
              ^^^^^^^^^^^^^^^^^^^^^^^^^^^^^^^^^^^^^
  File "c:\Users\user\OneDrive\Desktop\Task3_Mohammad-Al-Quraan\.venv\Lib\site-packages\sklearn\utils\validation.py", line 1049, in check_array
    _assert_all_finite(
  File "c:\Users\user\OneDrive\Desktop\Task3_Mohammad-Al-Quraan\.venv\Lib\site-packages\sklearn\utils\validation.py", line 126, in _assert_all_finite
    _assert_all_finite_element_wise(
  File "c:\Users\user\OneDrive\Desktop\Task3_Mohammad-Al-Quraan\.venv\Lib\site-packages\sklearn\utils\validation.py", line 175, in _assert_all_finite_element_wise
    raise ValueError(msg_err)
ValueError: Input contains NaN.

  warnings.warn(

2024-07-19 14:57:11,474:WARNING:c:\Users\user\OneDrive\Desktop\Task3_Mohammad-Al-Quraan\.venv\Lib\site-packages\sklearn\metrics\_classification.py:1509: UndefinedMetricWarning: Precision is ill-defined and being set to 0.0 due to no predicted samples. Use `zero_division` parameter to control this behavior.
  _warn_prf(average, modifier, f"{metric.capitalize()} is", len(result))

2024-07-19 14:57:11,483:WARNING:c:\Users\user\OneDrive\Desktop\Task3_Mohammad-Al-Quraan\.venv\Lib\site-packages\sklearn\metrics\_classification.py:1509: UndefinedMetricWarning: Precision is ill-defined and being set to 0.0 due to no predicted samples. Use `zero_division` parameter to control this behavior.
  _warn_prf(average, modifier, f"{metric.capitalize()} is", len(result))

2024-07-19 14:57:11,483:WARNING:c:\Users\user\OneDrive\Desktop\Task3_Mohammad-Al-Quraan\.venv\Lib\site-packages\sklearn\metrics\_classification.py:1509: UndefinedMetricWarning: Precision is ill-defined and being set to 0.0 due to no predicted samples. Use `zero_division` parameter to control this behavior.
  _warn_prf(average, modifier, f"{metric.capitalize()} is", len(result))

2024-07-19 14:57:11,483:WARNING:c:\Users\user\OneDrive\Desktop\Task3_Mohammad-Al-Quraan\.venv\Lib\site-packages\sklearn\metrics\_classification.py:1509: UndefinedMetricWarning: Precision is ill-defined and being set to 0.0 due to no predicted samples. Use `zero_division` parameter to control this behavior.
  _warn_prf(average, modifier, f"{metric.capitalize()} is", len(result))

2024-07-19 14:57:11,499:WARNING:c:\Users\user\OneDrive\Desktop\Task3_Mohammad-Al-Quraan\.venv\Lib\site-packages\sklearn\discriminant_analysis.py:935: UserWarning: Variables are collinear
  warnings.warn("Variables are collinear")

2024-07-19 14:57:11,502:WARNING:c:\Users\user\OneDrive\Desktop\Task3_Mohammad-Al-Quraan\.venv\Lib\site-packages\sklearn\discriminant_analysis.py:935: UserWarning: Variables are collinear
  warnings.warn("Variables are collinear")

2024-07-19 14:57:11,502:WARNING:c:\Users\user\OneDrive\Desktop\Task3_Mohammad-Al-Quraan\.venv\Lib\site-packages\sklearn\discriminant_analysis.py:960: RuntimeWarning: divide by zero encountered in power
  X2 = np.dot(Xm, R * (S ** (-0.5)))

2024-07-19 14:57:11,502:WARNING:c:\Users\user\OneDrive\Desktop\Task3_Mohammad-Al-Quraan\.venv\Lib\site-packages\sklearn\discriminant_analysis.py:960: RuntimeWarning: invalid value encountered in multiply
  X2 = np.dot(Xm, R * (S ** (-0.5)))

2024-07-19 14:57:11,502:WARNING:c:\Users\user\OneDrive\Desktop\Task3_Mohammad-Al-Quraan\.venv\Lib\site-packages\sklearn\discriminant_analysis.py:963: RuntimeWarning: divide by zero encountered in log
  u = np.asarray([np.sum(np.log(s)) for s in self.scalings_])

2024-07-19 14:57:11,502:WARNING:c:\Users\user\OneDrive\Desktop\Task3_Mohammad-Al-Quraan\.venv\Lib\site-packages\sklearn\discriminant_analysis.py:960: RuntimeWarning: divide by zero encountered in power
  X2 = np.dot(Xm, R * (S ** (-0.5)))

2024-07-19 14:57:11,502:WARNING:c:\Users\user\OneDrive\Desktop\Task3_Mohammad-Al-Quraan\.venv\Lib\site-packages\sklearn\discriminant_analysis.py:960: RuntimeWarning: invalid value encountered in multiply
  X2 = np.dot(Xm, R * (S ** (-0.5)))

2024-07-19 14:57:11,502:WARNING:c:\Users\user\OneDrive\Desktop\Task3_Mohammad-Al-Quraan\.venv\Lib\site-packages\sklearn\discriminant_analysis.py:963: RuntimeWarning: divide by zero encountered in log
  u = np.asarray([np.sum(np.log(s)) for s in self.scalings_])

2024-07-19 14:57:11,502:WARNING:c:\Users\user\OneDrive\Desktop\Task3_Mohammad-Al-Quraan\.venv\Lib\site-packages\sklearn\discriminant_analysis.py:960: RuntimeWarning: divide by zero encountered in power
  X2 = np.dot(Xm, R * (S ** (-0.5)))

2024-07-19 14:57:11,502:WARNING:c:\Users\user\OneDrive\Desktop\Task3_Mohammad-Al-Quraan\.venv\Lib\site-packages\sklearn\discriminant_analysis.py:960: RuntimeWarning: invalid value encountered in multiply
  X2 = np.dot(Xm, R * (S ** (-0.5)))

2024-07-19 14:57:11,502:WARNING:c:\Users\user\OneDrive\Desktop\Task3_Mohammad-Al-Quraan\.venv\Lib\site-packages\sklearn\discriminant_analysis.py:960: RuntimeWarning: divide by zero encountered in power
  X2 = np.dot(Xm, R * (S ** (-0.5)))

2024-07-19 14:57:11,502:WARNING:c:\Users\user\OneDrive\Desktop\Task3_Mohammad-Al-Quraan\.venv\Lib\site-packages\sklearn\discriminant_analysis.py:960: RuntimeWarning: invalid value encountered in multiply
  X2 = np.dot(Xm, R * (S ** (-0.5)))

2024-07-19 14:57:11,502:WARNING:c:\Users\user\OneDrive\Desktop\Task3_Mohammad-Al-Quraan\.venv\Lib\site-packages\sklearn\discriminant_analysis.py:963: RuntimeWarning: divide by zero encountered in log
  u = np.asarray([np.sum(np.log(s)) for s in self.scalings_])

2024-07-19 14:57:11,502:WARNING:c:\Users\user\OneDrive\Desktop\Task3_Mohammad-Al-Quraan\.venv\Lib\site-packages\sklearn\discriminant_analysis.py:963: RuntimeWarning: divide by zero encountered in log
  u = np.asarray([np.sum(np.log(s)) for s in self.scalings_])

2024-07-19 14:57:11,512:WARNING:c:\Users\user\OneDrive\Desktop\Task3_Mohammad-Al-Quraan\.venv\Lib\site-packages\pycaret\internal\metrics.py:204: FitFailedWarning: Metric 'make_scorer(roc_auc_score, response_method=('decision_function', 'predict_proba'), average=weighted, multi_class=ovr)' failed and error score 0.0 has been returned instead. If this is a custom metric, this usually means that the error is in the metric code. Full exception below:
Traceback (most recent call last):
  File "c:\Users\user\OneDrive\Desktop\Task3_Mohammad-Al-Quraan\.venv\Lib\site-packages\pycaret\internal\metrics.py", line 196, in _score
    return super()._score(
           ^^^^^^^^^^^^^^^
  File "c:\Users\user\OneDrive\Desktop\Task3_Mohammad-Al-Quraan\.venv\Lib\site-packages\sklearn\metrics\_scorer.py", line 350, in _score
    return self._sign * self._score_func(y_true, y_pred, **scoring_kwargs)
                        ^^^^^^^^^^^^^^^^^^^^^^^^^^^^^^^^^^^^^^^^^^^^^^^^^^
  File "c:\Users\user\OneDrive\Desktop\Task3_Mohammad-Al-Quraan\.venv\Lib\site-packages\pycaret\internal\metrics.py", line 144, in __call__
    return self.score_func(y_true, y_pred, **kwargs)
           ^^^^^^^^^^^^^^^^^^^^^^^^^^^^^^^^^^^^^^^^^
  File "c:\Users\user\OneDrive\Desktop\Task3_Mohammad-Al-Quraan\.venv\Lib\site-packages\sklearn\utils\_param_validation.py", line 213, in wrapper
    return func(*args, **kwargs)
           ^^^^^^^^^^^^^^^^^^^^^
  File "c:\Users\user\OneDrive\Desktop\Task3_Mohammad-Al-Quraan\.venv\Lib\site-packages\sklearn\metrics\_ranking.py", line 619, in roc_auc_score
    y_score = check_array(y_score, ensure_2d=False)
              ^^^^^^^^^^^^^^^^^^^^^^^^^^^^^^^^^^^^^
  File "c:\Users\user\OneDrive\Desktop\Task3_Mohammad-Al-Quraan\.venv\Lib\site-packages\sklearn\utils\validation.py", line 1049, in check_array
    _assert_all_finite(
  File "c:\Users\user\OneDrive\Desktop\Task3_Mohammad-Al-Quraan\.venv\Lib\site-packages\sklearn\utils\validation.py", line 126, in _assert_all_finite
    _assert_all_finite_element_wise(
  File "c:\Users\user\OneDrive\Desktop\Task3_Mohammad-Al-Quraan\.venv\Lib\site-packages\sklearn\utils\validation.py", line 175, in _assert_all_finite_element_wise
    raise ValueError(msg_err)
ValueError: Input contains NaN.

  warnings.warn(

2024-07-19 14:57:11,512:WARNING:c:\Users\user\OneDrive\Desktop\Task3_Mohammad-Al-Quraan\.venv\Lib\site-packages\pycaret\internal\metrics.py:204: FitFailedWarning: Metric 'make_scorer(roc_auc_score, response_method=('decision_function', 'predict_proba'), average=weighted, multi_class=ovr)' failed and error score 0.0 has been returned instead. If this is a custom metric, this usually means that the error is in the metric code. Full exception below:
Traceback (most recent call last):
  File "c:\Users\user\OneDrive\Desktop\Task3_Mohammad-Al-Quraan\.venv\Lib\site-packages\pycaret\internal\metrics.py", line 196, in _score
    return super()._score(
           ^^^^^^^^^^^^^^^
  File "c:\Users\user\OneDrive\Desktop\Task3_Mohammad-Al-Quraan\.venv\Lib\site-packages\sklearn\metrics\_scorer.py", line 350, in _score
    return self._sign * self._score_func(y_true, y_pred, **scoring_kwargs)
                        ^^^^^^^^^^^^^^^^^^^^^^^^^^^^^^^^^^^^^^^^^^^^^^^^^^
  File "c:\Users\user\OneDrive\Desktop\Task3_Mohammad-Al-Quraan\.venv\Lib\site-packages\pycaret\internal\metrics.py", line 144, in __call__
    return self.score_func(y_true, y_pred, **kwargs)
           ^^^^^^^^^^^^^^^^^^^^^^^^^^^^^^^^^^^^^^^^^
  File "c:\Users\user\OneDrive\Desktop\Task3_Mohammad-Al-Quraan\.venv\Lib\site-packages\sklearn\utils\_param_validation.py", line 213, in wrapper
    return func(*args, **kwargs)
           ^^^^^^^^^^^^^^^^^^^^^
  File "c:\Users\user\OneDrive\Desktop\Task3_Mohammad-Al-Quraan\.venv\Lib\site-packages\sklearn\metrics\_ranking.py", line 619, in roc_auc_score
    y_score = check_array(y_score, ensure_2d=False)
              ^^^^^^^^^^^^^^^^^^^^^^^^^^^^^^^^^^^^^
  File "c:\Users\user\OneDrive\Desktop\Task3_Mohammad-Al-Quraan\.venv\Lib\site-packages\sklearn\utils\validation.py", line 1049, in check_array
    _assert_all_finite(
  File "c:\Users\user\OneDrive\Desktop\Task3_Mohammad-Al-Quraan\.venv\Lib\site-packages\sklearn\utils\validation.py", line 126, in _assert_all_finite
    _assert_all_finite_element_wise(
  File "c:\Users\user\OneDrive\Desktop\Task3_Mohammad-Al-Quraan\.venv\Lib\site-packages\sklearn\utils\validation.py", line 175, in _assert_all_finite_element_wise
    raise ValueError(msg_err)
ValueError: Input contains NaN.

  warnings.warn(

2024-07-19 14:57:11,514:WARNING:c:\Users\user\OneDrive\Desktop\Task3_Mohammad-Al-Quraan\.venv\Lib\site-packages\sklearn\metrics\_classification.py:1509: UndefinedMetricWarning: Precision is ill-defined and being set to 0.0 due to no predicted samples. Use `zero_division` parameter to control this behavior.
  _warn_prf(average, modifier, f"{metric.capitalize()} is", len(result))

2024-07-19 14:57:11,514:WARNING:c:\Users\user\OneDrive\Desktop\Task3_Mohammad-Al-Quraan\.venv\Lib\site-packages\sklearn\metrics\_classification.py:1509: UndefinedMetricWarning: Precision is ill-defined and being set to 0.0 due to no predicted samples. Use `zero_division` parameter to control this behavior.
  _warn_prf(average, modifier, f"{metric.capitalize()} is", len(result))

2024-07-19 14:57:11,532:INFO:Calculating mean and std
2024-07-19 14:57:11,532:INFO:Creating metrics dataframe
2024-07-19 14:57:11,532:INFO:Uploading results into container
2024-07-19 14:57:11,532:INFO:Uploading model into container now
2024-07-19 14:57:11,532:INFO:_master_model_container: 8
2024-07-19 14:57:11,532:INFO:_display_container: 2
2024-07-19 14:57:11,532:INFO:QuadraticDiscriminantAnalysis(priors=None, reg_param=0.0,
                              store_covariance=False, tol=0.0001)
2024-07-19 14:57:11,532:INFO:create_model() successfully completed......................................
2024-07-19 14:57:11,619:INFO:SubProcess create_model() end ==================================
2024-07-19 14:57:11,619:INFO:Creating metrics dataframe
2024-07-19 14:57:11,619:INFO:Initializing Ada Boost Classifier
2024-07-19 14:57:11,619:INFO:Total runtime is 0.14778364102045694 minutes
2024-07-19 14:57:11,635:INFO:SubProcess create_model() called ==================================
2024-07-19 14:57:11,635:INFO:Initializing create_model()
2024-07-19 14:57:11,635:INFO:create_model(self=<pycaret.classification.oop.ClassificationExperiment object at 0x00000191426651D0>, estimator=ada, fold=StratifiedKFold(n_splits=10, random_state=None, shuffle=False), round=4, cross_validation=True, predict=True, fit_kwargs={}, groups=None, refit=False, probability_threshold=None, experiment_custom_tags=None, verbose=False, system=False, add_to_model_list=True, metrics=None, display=<pycaret.internal.display.display.CommonDisplay object at 0x000001913A777E10>, model_only=True, return_train_score=False, error_score=0.0, kwargs={})
2024-07-19 14:57:11,635:INFO:Checking exceptions
2024-07-19 14:57:11,635:INFO:Importing libraries
2024-07-19 14:57:11,635:INFO:Copying training dataset
2024-07-19 14:57:11,635:INFO:Defining folds
2024-07-19 14:57:11,635:INFO:Declaring metric variables
2024-07-19 14:57:11,635:INFO:Importing untrained model
2024-07-19 14:57:11,651:INFO:Ada Boost Classifier Imported successfully
2024-07-19 14:57:11,661:INFO:Starting cross validation
2024-07-19 14:57:11,661:INFO:Cross validating with StratifiedKFold(n_splits=10, random_state=None, shuffle=False), n_jobs=-1
2024-07-19 14:57:11,697:WARNING:c:\Users\user\OneDrive\Desktop\Task3_Mohammad-Al-Quraan\.venv\Lib\site-packages\sklearn\ensemble\_weight_boosting.py:519: FutureWarning: The SAMME.R algorithm (the default) is deprecated and will be removed in 1.6. Use the SAMME algorithm to circumvent this warning.
  warnings.warn(

2024-07-19 14:57:11,700:WARNING:c:\Users\user\OneDrive\Desktop\Task3_Mohammad-Al-Quraan\.venv\Lib\site-packages\sklearn\ensemble\_weight_boosting.py:519: FutureWarning: The SAMME.R algorithm (the default) is deprecated and will be removed in 1.6. Use the SAMME algorithm to circumvent this warning.
  warnings.warn(

2024-07-19 14:57:11,703:WARNING:c:\Users\user\OneDrive\Desktop\Task3_Mohammad-Al-Quraan\.venv\Lib\site-packages\sklearn\ensemble\_weight_boosting.py:519: FutureWarning: The SAMME.R algorithm (the default) is deprecated and will be removed in 1.6. Use the SAMME algorithm to circumvent this warning.
  warnings.warn(

2024-07-19 14:57:11,707:WARNING:c:\Users\user\OneDrive\Desktop\Task3_Mohammad-Al-Quraan\.venv\Lib\site-packages\sklearn\ensemble\_weight_boosting.py:519: FutureWarning: The SAMME.R algorithm (the default) is deprecated and will be removed in 1.6. Use the SAMME algorithm to circumvent this warning.
  warnings.warn(

2024-07-19 14:57:11,711:WARNING:c:\Users\user\OneDrive\Desktop\Task3_Mohammad-Al-Quraan\.venv\Lib\site-packages\sklearn\ensemble\_weight_boosting.py:519: FutureWarning: The SAMME.R algorithm (the default) is deprecated and will be removed in 1.6. Use the SAMME algorithm to circumvent this warning.
  warnings.warn(

2024-07-19 14:57:11,727:WARNING:c:\Users\user\OneDrive\Desktop\Task3_Mohammad-Al-Quraan\.venv\Lib\site-packages\sklearn\ensemble\_weight_boosting.py:519: FutureWarning: The SAMME.R algorithm (the default) is deprecated and will be removed in 1.6. Use the SAMME algorithm to circumvent this warning.
  warnings.warn(

2024-07-19 14:57:11,730:WARNING:c:\Users\user\OneDrive\Desktop\Task3_Mohammad-Al-Quraan\.venv\Lib\site-packages\sklearn\ensemble\_weight_boosting.py:519: FutureWarning: The SAMME.R algorithm (the default) is deprecated and will be removed in 1.6. Use the SAMME algorithm to circumvent this warning.
  warnings.warn(

2024-07-19 14:57:11,730:WARNING:c:\Users\user\OneDrive\Desktop\Task3_Mohammad-Al-Quraan\.venv\Lib\site-packages\sklearn\ensemble\_weight_boosting.py:519: FutureWarning: The SAMME.R algorithm (the default) is deprecated and will be removed in 1.6. Use the SAMME algorithm to circumvent this warning.
  warnings.warn(

2024-07-19 14:57:12,064:WARNING:c:\Users\user\OneDrive\Desktop\Task3_Mohammad-Al-Quraan\.venv\Lib\site-packages\sklearn\ensemble\_weight_boosting.py:519: FutureWarning: The SAMME.R algorithm (the default) is deprecated and will be removed in 1.6. Use the SAMME algorithm to circumvent this warning.
  warnings.warn(

2024-07-19 14:57:12,064:WARNING:c:\Users\user\OneDrive\Desktop\Task3_Mohammad-Al-Quraan\.venv\Lib\site-packages\sklearn\ensemble\_weight_boosting.py:519: FutureWarning: The SAMME.R algorithm (the default) is deprecated and will be removed in 1.6. Use the SAMME algorithm to circumvent this warning.
  warnings.warn(

2024-07-19 14:57:12,327:INFO:Calculating mean and std
2024-07-19 14:57:12,327:INFO:Creating metrics dataframe
2024-07-19 14:57:12,327:INFO:Uploading results into container
2024-07-19 14:57:12,327:INFO:Uploading model into container now
2024-07-19 14:57:12,327:INFO:_master_model_container: 9
2024-07-19 14:57:12,327:INFO:_display_container: 2
2024-07-19 14:57:12,327:INFO:AdaBoostClassifier(algorithm='SAMME.R', estimator=None, learning_rate=1.0,
                   n_estimators=50, random_state=2082)
2024-07-19 14:57:12,327:INFO:create_model() successfully completed......................................
2024-07-19 14:57:12,412:INFO:SubProcess create_model() end ==================================
2024-07-19 14:57:12,412:INFO:Creating metrics dataframe
2024-07-19 14:57:12,414:INFO:Initializing Gradient Boosting Classifier
2024-07-19 14:57:12,414:INFO:Total runtime is 0.1610289414723714 minutes
2024-07-19 14:57:12,414:INFO:SubProcess create_model() called ==================================
2024-07-19 14:57:12,414:INFO:Initializing create_model()
2024-07-19 14:57:12,414:INFO:create_model(self=<pycaret.classification.oop.ClassificationExperiment object at 0x00000191426651D0>, estimator=gbc, fold=StratifiedKFold(n_splits=10, random_state=None, shuffle=False), round=4, cross_validation=True, predict=True, fit_kwargs={}, groups=None, refit=False, probability_threshold=None, experiment_custom_tags=None, verbose=False, system=False, add_to_model_list=True, metrics=None, display=<pycaret.internal.display.display.CommonDisplay object at 0x000001913A777E10>, model_only=True, return_train_score=False, error_score=0.0, kwargs={})
2024-07-19 14:57:12,414:INFO:Checking exceptions
2024-07-19 14:57:12,414:INFO:Importing libraries
2024-07-19 14:57:12,414:INFO:Copying training dataset
2024-07-19 14:57:12,429:INFO:Defining folds
2024-07-19 14:57:12,429:INFO:Declaring metric variables
2024-07-19 14:57:12,429:INFO:Importing untrained model
2024-07-19 14:57:12,438:INFO:Gradient Boosting Classifier Imported successfully
2024-07-19 14:57:12,445:INFO:Starting cross validation
2024-07-19 14:57:12,446:INFO:Cross validating with StratifiedKFold(n_splits=10, random_state=None, shuffle=False), n_jobs=-1
2024-07-19 14:57:13,698:INFO:Calculating mean and std
2024-07-19 14:57:13,699:INFO:Creating metrics dataframe
2024-07-19 14:57:13,699:INFO:Uploading results into container
2024-07-19 14:57:13,699:INFO:Uploading model into container now
2024-07-19 14:57:13,699:INFO:_master_model_container: 10
2024-07-19 14:57:13,699:INFO:_display_container: 2
2024-07-19 14:57:13,702:INFO:GradientBoostingClassifier(ccp_alpha=0.0, criterion='friedman_mse', init=None,
                           learning_rate=0.1, loss='log_loss', max_depth=3,
                           max_features=None, max_leaf_nodes=None,
                           min_impurity_decrease=0.0, min_samples_leaf=1,
                           min_samples_split=2, min_weight_fraction_leaf=0.0,
                           n_estimators=100, n_iter_no_change=None,
                           random_state=2082, subsample=1.0, tol=0.0001,
                           validation_fraction=0.1, verbose=0,
                           warm_start=False)
2024-07-19 14:57:13,702:INFO:create_model() successfully completed......................................
2024-07-19 14:57:13,779:INFO:SubProcess create_model() end ==================================
2024-07-19 14:57:13,779:INFO:Creating metrics dataframe
2024-07-19 14:57:13,792:INFO:Initializing Linear Discriminant Analysis
2024-07-19 14:57:13,792:INFO:Total runtime is 0.18399906158447263 minutes
2024-07-19 14:57:13,794:INFO:SubProcess create_model() called ==================================
2024-07-19 14:57:13,795:INFO:Initializing create_model()
2024-07-19 14:57:13,795:INFO:create_model(self=<pycaret.classification.oop.ClassificationExperiment object at 0x00000191426651D0>, estimator=lda, fold=StratifiedKFold(n_splits=10, random_state=None, shuffle=False), round=4, cross_validation=True, predict=True, fit_kwargs={}, groups=None, refit=False, probability_threshold=None, experiment_custom_tags=None, verbose=False, system=False, add_to_model_list=True, metrics=None, display=<pycaret.internal.display.display.CommonDisplay object at 0x000001913A777E10>, model_only=True, return_train_score=False, error_score=0.0, kwargs={})
2024-07-19 14:57:13,795:INFO:Checking exceptions
2024-07-19 14:57:13,795:INFO:Importing libraries
2024-07-19 14:57:13,795:INFO:Copying training dataset
2024-07-19 14:57:13,799:INFO:Defining folds
2024-07-19 14:57:13,799:INFO:Declaring metric variables
2024-07-19 14:57:13,799:INFO:Importing untrained model
2024-07-19 14:57:13,809:INFO:Linear Discriminant Analysis Imported successfully
2024-07-19 14:57:13,816:INFO:Starting cross validation
2024-07-19 14:57:13,817:INFO:Cross validating with StratifiedKFold(n_splits=10, random_state=None, shuffle=False), n_jobs=-1
2024-07-19 14:57:13,942:INFO:Calculating mean and std
2024-07-19 14:57:13,942:INFO:Creating metrics dataframe
2024-07-19 14:57:13,942:INFO:Uploading results into container
2024-07-19 14:57:13,942:INFO:Uploading model into container now
2024-07-19 14:57:13,942:INFO:_master_model_container: 11
2024-07-19 14:57:13,945:INFO:_display_container: 2
2024-07-19 14:57:13,945:INFO:LinearDiscriminantAnalysis(covariance_estimator=None, n_components=None,
                           priors=None, shrinkage=None, solver='svd',
                           store_covariance=False, tol=0.0001)
2024-07-19 14:57:13,946:INFO:create_model() successfully completed......................................
2024-07-19 14:57:14,022:INFO:SubProcess create_model() end ==================================
2024-07-19 14:57:14,022:INFO:Creating metrics dataframe
2024-07-19 14:57:14,030:INFO:Initializing Extra Trees Classifier
2024-07-19 14:57:14,030:INFO:Total runtime is 0.1879695614178975 minutes
2024-07-19 14:57:14,033:INFO:SubProcess create_model() called ==================================
2024-07-19 14:57:14,033:INFO:Initializing create_model()
2024-07-19 14:57:14,033:INFO:create_model(self=<pycaret.classification.oop.ClassificationExperiment object at 0x00000191426651D0>, estimator=et, fold=StratifiedKFold(n_splits=10, random_state=None, shuffle=False), round=4, cross_validation=True, predict=True, fit_kwargs={}, groups=None, refit=False, probability_threshold=None, experiment_custom_tags=None, verbose=False, system=False, add_to_model_list=True, metrics=None, display=<pycaret.internal.display.display.CommonDisplay object at 0x000001913A777E10>, model_only=True, return_train_score=False, error_score=0.0, kwargs={})
2024-07-19 14:57:14,034:INFO:Checking exceptions
2024-07-19 14:57:14,034:INFO:Importing libraries
2024-07-19 14:57:14,034:INFO:Copying training dataset
2024-07-19 14:57:14,037:INFO:Defining folds
2024-07-19 14:57:14,037:INFO:Declaring metric variables
2024-07-19 14:57:14,043:INFO:Importing untrained model
2024-07-19 14:57:14,046:INFO:Extra Trees Classifier Imported successfully
2024-07-19 14:57:14,058:INFO:Starting cross validation
2024-07-19 14:57:14,058:INFO:Cross validating with StratifiedKFold(n_splits=10, random_state=None, shuffle=False), n_jobs=-1
2024-07-19 14:57:15,316:INFO:Calculating mean and std
2024-07-19 14:57:15,316:INFO:Creating metrics dataframe
2024-07-19 14:57:15,318:INFO:Uploading results into container
2024-07-19 14:57:15,318:INFO:Uploading model into container now
2024-07-19 14:57:15,318:INFO:_master_model_container: 12
2024-07-19 14:57:15,318:INFO:_display_container: 2
2024-07-19 14:57:15,319:INFO:ExtraTreesClassifier(bootstrap=False, ccp_alpha=0.0, class_weight=None,
                     criterion='gini', max_depth=None, max_features='sqrt',
                     max_leaf_nodes=None, max_samples=None,
                     min_impurity_decrease=0.0, min_samples_leaf=1,
                     min_samples_split=2, min_weight_fraction_leaf=0.0,
                     monotonic_cst=None, n_estimators=100, n_jobs=-1,
                     oob_score=False, random_state=2082, verbose=0,
                     warm_start=False)
2024-07-19 14:57:15,319:INFO:create_model() successfully completed......................................
2024-07-19 14:57:15,397:INFO:SubProcess create_model() end ==================================
2024-07-19 14:57:15,397:INFO:Creating metrics dataframe
2024-07-19 14:57:15,408:INFO:Initializing Light Gradient Boosting Machine
2024-07-19 14:57:15,408:INFO:Total runtime is 0.2109350760777791 minutes
2024-07-19 14:57:15,411:INFO:SubProcess create_model() called ==================================
2024-07-19 14:57:15,412:INFO:Initializing create_model()
2024-07-19 14:57:15,412:INFO:create_model(self=<pycaret.classification.oop.ClassificationExperiment object at 0x00000191426651D0>, estimator=lightgbm, fold=StratifiedKFold(n_splits=10, random_state=None, shuffle=False), round=4, cross_validation=True, predict=True, fit_kwargs={}, groups=None, refit=False, probability_threshold=None, experiment_custom_tags=None, verbose=False, system=False, add_to_model_list=True, metrics=None, display=<pycaret.internal.display.display.CommonDisplay object at 0x000001913A777E10>, model_only=True, return_train_score=False, error_score=0.0, kwargs={})
2024-07-19 14:57:15,412:INFO:Checking exceptions
2024-07-19 14:57:15,412:INFO:Importing libraries
2024-07-19 14:57:15,412:INFO:Copying training dataset
2024-07-19 14:57:15,417:INFO:Defining folds
2024-07-19 14:57:15,417:INFO:Declaring metric variables
2024-07-19 14:57:15,417:INFO:Importing untrained model
2024-07-19 14:57:15,417:INFO:Light Gradient Boosting Machine Imported successfully
2024-07-19 14:57:15,432:INFO:Starting cross validation
2024-07-19 14:57:15,433:INFO:Cross validating with StratifiedKFold(n_splits=10, random_state=None, shuffle=False), n_jobs=-1
2024-07-19 14:57:16,497:INFO:Calculating mean and std
2024-07-19 14:57:16,497:INFO:Creating metrics dataframe
2024-07-19 14:57:16,500:INFO:Uploading results into container
2024-07-19 14:57:16,500:INFO:Uploading model into container now
2024-07-19 14:57:16,501:INFO:_master_model_container: 13
2024-07-19 14:57:16,501:INFO:_display_container: 2
2024-07-19 14:57:16,501:INFO:LGBMClassifier(boosting_type='gbdt', class_weight=None, colsample_bytree=1.0,
               importance_type='split', learning_rate=0.1, max_depth=-1,
               min_child_samples=20, min_child_weight=0.001, min_split_gain=0.0,
               n_estimators=100, n_jobs=-1, num_leaves=31, objective=None,
               random_state=2082, reg_alpha=0.0, reg_lambda=0.0, subsample=1.0,
               subsample_for_bin=200000, subsample_freq=0)
2024-07-19 14:57:16,501:INFO:create_model() successfully completed......................................
2024-07-19 14:57:16,598:INFO:SubProcess create_model() end ==================================
2024-07-19 14:57:16,598:INFO:Creating metrics dataframe
2024-07-19 14:57:16,609:INFO:Initializing Dummy Classifier
2024-07-19 14:57:16,609:INFO:Total runtime is 0.23095670938491816 minutes
2024-07-19 14:57:16,612:INFO:SubProcess create_model() called ==================================
2024-07-19 14:57:16,612:INFO:Initializing create_model()
2024-07-19 14:57:16,613:INFO:create_model(self=<pycaret.classification.oop.ClassificationExperiment object at 0x00000191426651D0>, estimator=dummy, fold=StratifiedKFold(n_splits=10, random_state=None, shuffle=False), round=4, cross_validation=True, predict=True, fit_kwargs={}, groups=None, refit=False, probability_threshold=None, experiment_custom_tags=None, verbose=False, system=False, add_to_model_list=True, metrics=None, display=<pycaret.internal.display.display.CommonDisplay object at 0x000001913A777E10>, model_only=True, return_train_score=False, error_score=0.0, kwargs={})
2024-07-19 14:57:16,613:INFO:Checking exceptions
2024-07-19 14:57:16,613:INFO:Importing libraries
2024-07-19 14:57:16,613:INFO:Copying training dataset
2024-07-19 14:57:16,619:INFO:Defining folds
2024-07-19 14:57:16,619:INFO:Declaring metric variables
2024-07-19 14:57:16,619:INFO:Importing untrained model
2024-07-19 14:57:16,619:INFO:Dummy Classifier Imported successfully
2024-07-19 14:57:16,631:INFO:Starting cross validation
2024-07-19 14:57:16,634:INFO:Cross validating with StratifiedKFold(n_splits=10, random_state=None, shuffle=False), n_jobs=-1
2024-07-19 14:57:16,730:INFO:Calculating mean and std
2024-07-19 14:57:16,730:INFO:Creating metrics dataframe
2024-07-19 14:57:16,731:INFO:Uploading results into container
2024-07-19 14:57:16,732:INFO:Uploading model into container now
2024-07-19 14:57:16,732:INFO:_master_model_container: 14
2024-07-19 14:57:16,732:INFO:_display_container: 2
2024-07-19 14:57:16,732:INFO:DummyClassifier(constant=None, random_state=2082, strategy='prior')
2024-07-19 14:57:16,733:INFO:create_model() successfully completed......................................
2024-07-19 14:57:16,819:INFO:SubProcess create_model() end ==================================
2024-07-19 14:57:16,819:INFO:Creating metrics dataframe
2024-07-19 14:57:16,834:INFO:Initializing create_model()
2024-07-19 14:57:16,834:INFO:create_model(self=<pycaret.classification.oop.ClassificationExperiment object at 0x00000191426651D0>, estimator=LGBMClassifier(boosting_type='gbdt', class_weight=None, colsample_bytree=1.0,
               importance_type='split', learning_rate=0.1, max_depth=-1,
               min_child_samples=20, min_child_weight=0.001, min_split_gain=0.0,
               n_estimators=100, n_jobs=-1, num_leaves=31, objective=None,
               random_state=2082, reg_alpha=0.0, reg_lambda=0.0, subsample=1.0,
               subsample_for_bin=200000, subsample_freq=0), fold=StratifiedKFold(n_splits=10, random_state=None, shuffle=False), round=4, cross_validation=False, predict=False, fit_kwargs={}, groups=None, refit=True, probability_threshold=None, experiment_custom_tags=None, verbose=False, system=False, add_to_model_list=True, metrics=None, display=None, model_only=True, return_train_score=False, error_score=0.0, kwargs={})
2024-07-19 14:57:16,834:INFO:Checking exceptions
2024-07-19 14:57:16,835:INFO:Importing libraries
2024-07-19 14:57:16,836:INFO:Copying training dataset
2024-07-19 14:57:16,841:INFO:Defining folds
2024-07-19 14:57:16,841:INFO:Declaring metric variables
2024-07-19 14:57:16,841:INFO:Importing untrained model
2024-07-19 14:57:16,841:INFO:Declaring custom model
2024-07-19 14:57:16,841:INFO:Light Gradient Boosting Machine Imported successfully
2024-07-19 14:57:16,841:INFO:Cross validation set to False
2024-07-19 14:57:16,841:INFO:Fitting Model
2024-07-19 14:57:16,860:INFO:[LightGBM] [Warning] Found whitespace in feature_names, replace with underlines
2024-07-19 14:57:16,861:INFO:[LightGBM] [Info] Number of positive: 3933, number of negative: 1970
2024-07-19 14:57:16,861:INFO:[LightGBM] [Info] Auto-choosing row-wise multi-threading, the overhead of testing was 0.000094 seconds.
2024-07-19 14:57:16,861:INFO:You can set `force_row_wise=true` to remove the overhead.
2024-07-19 14:57:16,861:INFO:And if memory is not enough, you can set `force_col_wise=true`.
2024-07-19 14:57:16,861:INFO:[LightGBM] [Info] Total Bins 572
2024-07-19 14:57:16,861:INFO:[LightGBM] [Info] Number of data points in the train set: 5903, number of used features: 10
2024-07-19 14:57:16,862:INFO:[LightGBM] [Info] [binary:BoostFromScore]: pavg=0.666271 -> initscore=0.691369
2024-07-19 14:57:16,862:INFO:[LightGBM] [Info] Start training from score 0.691369
2024-07-19 14:57:16,960:INFO:LGBMClassifier(boosting_type='gbdt', class_weight=None, colsample_bytree=1.0,
               importance_type='split', learning_rate=0.1, max_depth=-1,
               min_child_samples=20, min_child_weight=0.001, min_split_gain=0.0,
               n_estimators=100, n_jobs=-1, num_leaves=31, objective=None,
               random_state=2082, reg_alpha=0.0, reg_lambda=0.0, subsample=1.0,
               subsample_for_bin=200000, subsample_freq=0)
2024-07-19 14:57:16,960:INFO:create_model() successfully completed......................................
2024-07-19 14:57:17,078:INFO:_master_model_container: 14
2024-07-19 14:57:17,078:INFO:_display_container: 2
2024-07-19 14:57:17,078:INFO:LGBMClassifier(boosting_type='gbdt', class_weight=None, colsample_bytree=1.0,
               importance_type='split', learning_rate=0.1, max_depth=-1,
               min_child_samples=20, min_child_weight=0.001, min_split_gain=0.0,
               n_estimators=100, n_jobs=-1, num_leaves=31, objective=None,
               random_state=2082, reg_alpha=0.0, reg_lambda=0.0, subsample=1.0,
               subsample_for_bin=200000, subsample_freq=0)
2024-07-19 14:57:17,078:INFO:compare_models() successfully completed......................................
